#
# There is insufficient memory for the Java Runtime Environment to continue.
# Native memory allocation (mmap) failed to map 130023424 bytes for Failed to commit area from 0x0000000084400000 to 0x000000008c000000 of length 130023424.
# Possible reasons:
#   The system is out of physical RAM or swap space
#   The process is running with CompressedOops enabled, and the Java Heap may be blocking the growth of the native heap
# Possible solutions:
#   Reduce memory load on the system
#   Increase physical memory or swap space
#   Check if swap backing store is full
#   Decrease Java heap size (-Xmx/-Xms)
#   Decrease number of Java threads
#   Decrease Java thread stack sizes (-Xss)
#   Set larger code cache with -XX:ReservedCodeCacheSize=
# This output file may be truncated or incomplete.
#
#  Out of Memory Error (./open/src/hotspot/os/windows/os_windows.cpp:3301), pid=4740, tid=23908
#
# JRE version:  (11.0.26+7) (build )
# Java VM: Java HotSpot(TM) 64-Bit Server VM (11.0.26+7-LTS-187, mixed mode, sharing, tiered, compressed oops, g1 gc, windows-amd64)
# No core dump will be written. Minidumps are not enabled by default on client versions of Windows
#

---------------  S U M M A R Y ------------

Command Line: -Dcom.sun.management.jmxremote -Dcom.sun.management.jmxremote.port=55989 -Dcom.sun.management.jmxremote.authenticate=false -Dcom.sun.management.jmxremote.ssl=false -Djava.rmi.server.hostname=localhost -Dspring.jmx.enabled=true -Dmanagement.endpoints.jmx.exposure.include=* -Dspring.application.admin.enabled=true -Dspring.output.ansi.enabled=always -XX:TieredStopAtLevel=1 -Dspring.boot.project.name=sga -Dfile.encoding=UTF-8 -Dstdout.encoding=UTF-8 -Dstderr.encoding=UTF-8 com.sga.SgaApplication

Host: 11th Gen Intel(R) Core(TM) i7-1165G7 @ 2.80GHz, 8 cores, 7G,  Windows 11 , 64 bit Build 26100 (10.0.26100.6725)
Time: Tue Nov 11 14:41:19 2025 Hora oficial do Brasil elapsed time: 1.406818 seconds (0d 0h 0m 1s)

---------------  T H R E A D  ---------------

Current thread (0x000002250afce000):  JavaThread "Unknown thread" [_thread_in_vm, id=23908, stack(0x000000b9d9100000,0x000000b9d9200000)]

Stack: [0x000000b9d9100000,0x000000b9d9200000]
Native frames: (J=compiled Java code, j=interpreted, Vv=VM code, C=native code)
V  [jvm.dll+0x65862a]
V  [jvm.dll+0x79b21f]
V  [jvm.dll+0x79c8e9]
V  [jvm.dll+0x79cf93]
V  [jvm.dll+0x255745]
V  [jvm.dll+0x655979]
V  [jvm.dll+0x64a795]
V  [jvm.dll+0x3102bd]
V  [jvm.dll+0x310122]
V  [jvm.dll+0x314ea6]
V  [jvm.dll+0x358480]
V  [jvm.dll+0x357ef2]
V  [jvm.dll+0x2eb3b8]
V  [jvm.dll+0x2ec4d5]
V  [jvm.dll+0x774777]
V  [jvm.dll+0x775fff]
V  [jvm.dll+0x3655e9]
V  [jvm.dll+0x758e2f]
V  [jvm.dll+0x3d7547]
V  [jvm.dll+0x3d9691]
C  [jli.dll+0x52e7]
C  [ucrtbase.dll+0x37b0]
C  [KERNEL32.DLL+0x2e8d7]
C  [ntdll.dll+0x8c53c]


---------------  P R O C E S S  ---------------

Threads class SMR info:
_java_thread_list=0x0000022508d259d0, length=0, elements={
}

Java Threads: ( => current thread )

Other Threads:
  0x000002250afe5000 GCTaskThread "GC Thread#0" [stack: 0x000000b9d9200000,0x000000b9d9300000] [id=16400]
  0x000002250b019800 ConcurrentGCThread "G1 Main Marker" [stack: 0x000000b9d9300000,0x000000b9d9400000] [id=30524]
  0x000002250b021000 ConcurrentGCThread "G1 Conc#0" [stack: 0x000000b9d9400000,0x000000b9d9500000] [id=22348]

[error occurred during error reporting (printing all threads), id 0xc0000005, EXCEPTION_ACCESS_VIOLATION (0xc0000005) at pc=0x00007ffd5fadba77]

VM state:not at safepoint (not fully initialized)

VM Mutex/Monitor currently owned by a thread:  ([mutex/lock_event])
[0x000002250afcbd80] Heap_lock - owner thread: 0x000002250afce000

Heap address: 0x0000000084400000, size: 1980 MB, Compressed Oops mode: Non-zero based: 0x0000000084400000
Narrow klass base: 0x0000000000000000, Narrow klass shift: 0

GC Heap History (0 events):
No events

Deoptimization events (0 events):
No events

Classes redefined (0 events):
No events

Internal exceptions (0 events):
No events

Events (0 events):
No events


Dynamic libraries:
0x00007ff799090000 - 0x00007ff7990a0000 	C:\Program Files\Java\jdk-11\bin\javaw.exe
0x00007ffe250e0000 - 0x00007ffe25348000 	C:\WINDOWS\SYSTEM32\ntdll.dll
0x00007ffe23f20000 - 0x00007ffe23fe9000 	C:\WINDOWS\System32\KERNEL32.DLL
0x00007ffe22ab0000 - 0x00007ffe22ea2000 	C:\WINDOWS\System32\KERNELBASE.dll
0x00007ffe22270000 - 0x00007ffe223bb000 	C:\WINDOWS\System32\ucrtbase.dll
0x00007ffe02c10000 - 0x00007ffe02c2b000 	C:\Program Files\Java\jdk-11\bin\VCRUNTIME140.dll
0x00007ffdfcdc0000 - 0x00007ffdfcdd9000 	C:\Program Files\Java\jdk-11\bin\jli.dll
0x00007ffe24bd0000 - 0x00007ffe24c84000 	C:\WINDOWS\System32\ADVAPI32.dll
0x00007ffe24940000 - 0x00007ffe249e9000 	C:\WINDOWS\System32\msvcrt.dll
0x00007ffe23690000 - 0x00007ffe23736000 	C:\WINDOWS\System32\sechost.dll
0x00007ffe23e00000 - 0x00007ffe23f18000 	C:\WINDOWS\System32\RPCRT4.dll
0x00007ffe239a0000 - 0x00007ffe23b65000 	C:\WINDOWS\System32\USER32.dll
0x00007ffe224f0000 - 0x00007ffe22517000 	C:\WINDOWS\System32\win32u.dll
0x00007ffe064d0000 - 0x00007ffe06763000 	C:\WINDOWS\WinSxS\amd64_microsoft.windows.common-controls_6595b64144ccf1df_6.0.26100.6899_none_3e0efeeae32e88c1\COMCTL32.dll
0x00007ffe235f0000 - 0x00007ffe2361b000 	C:\WINDOWS\System32\GDI32.dll
0x00007ffe223c0000 - 0x00007ffe224ed000 	C:\WINDOWS\System32\gdi32full.dll
0x00007ffe22a00000 - 0x00007ffe22aa3000 	C:\WINDOWS\System32\msvcp_win.dll
0x00007ffe14420000 - 0x00007ffe1442b000 	C:\WINDOWS\SYSTEM32\VERSION.dll
0x00007ffe23650000 - 0x00007ffe2367f000 	C:\WINDOWS\System32\IMM32.DLL
0x00007ffe0f330000 - 0x00007ffe0f33c000 	C:\Program Files\Java\jdk-11\bin\vcruntime140_1.dll
0x00007ffdab5c0000 - 0x00007ffdab64e000 	C:\Program Files\Java\jdk-11\bin\msvcp140.dll
0x00007ffd5f7e0000 - 0x00007ffd60343000 	C:\Program Files\Java\jdk-11\bin\server\jvm.dll
0x00007ffe22f10000 - 0x00007ffe22f18000 	C:\WINDOWS\System32\PSAPI.DLL
0x00007ffe1c0d0000 - 0x00007ffe1c105000 	C:\WINDOWS\SYSTEM32\WINMM.dll
0x00007ffdfa190000 - 0x00007ffdfa19a000 	C:\WINDOWS\SYSTEM32\WSOCK32.dll
0x00007ffe23740000 - 0x00007ffe237b4000 	C:\WINDOWS\System32\WS2_32.dll
0x00007ffe21000000 - 0x00007ffe2101b000 	C:\WINDOWS\SYSTEM32\kernel.appcore.dll
0x00007ffe0b5c0000 - 0x00007ffe0b5d0000 	C:\Program Files\Java\jdk-11\bin\verify.dll
0x00007ffe1ead0000 - 0x00007ffe1ed12000 	C:\WINDOWS\SYSTEM32\DBGHELP.DLL
0x00007ffe24d20000 - 0x00007ffe2509b000 	C:\WINDOWS\System32\combase.dll
0x00007ffe233b0000 - 0x00007ffe23487000 	C:\WINDOWS\System32\OLEAUT32.dll
0x00007ffe1ea90000 - 0x00007ffe1eacc000 	C:\WINDOWS\SYSTEM32\dbgcore.DLL
0x00007ffe227f0000 - 0x00007ffe22888000 	C:\WINDOWS\System32\bcryptPrimitives.dll
0x00007ffdfa220000 - 0x00007ffdfa248000 	C:\Program Files\Java\jdk-11\bin\java.dll
0x00007ffe07590000 - 0x00007ffe0759a000 	C:\Program Files\Java\jdk-11\bin\jimage.dll
0x00007ffdf60f0000 - 0x00007ffdf6107000 	C:\Program Files\Java\jdk-11\bin\zip.dll

dbghelp: loaded successfully - version: 4.0.5 - missing functions: none
symbol engine: initialized successfully - sym options: 0x614 - pdb path: .;C:\Program Files\Java\jdk-11\bin;C:\WINDOWS\SYSTEM32;C:\WINDOWS\WinSxS\amd64_microsoft.windows.common-controls_6595b64144ccf1df_6.0.26100.6899_none_3e0efeeae32e88c1;C:\Program Files\Java\jdk-11\bin\server

VM Arguments:
jvm_args: -Dcom.sun.management.jmxremote -Dcom.sun.management.jmxremote.port=55989 -Dcom.sun.management.jmxremote.authenticate=false -Dcom.sun.management.jmxremote.ssl=false -Djava.rmi.server.hostname=localhost -Dspring.jmx.enabled=true -Dmanagement.endpoints.jmx.exposure.include=* -Dspring.application.admin.enabled=true -Dspring.output.ansi.enabled=always -XX:TieredStopAtLevel=1 -Dspring.boot.project.name=sga -Dfile.encoding=UTF-8 -Dstdout.encoding=UTF-8 -Dstderr.encoding=UTF-8 
java_command: com.sga.SgaApplication
java_class_path (initial): E:\Users\roberto\Documents\Desenvolvimento\Web\sga\target\classes;C:\Users\Roberto\.m2\repository\org\springframework\boot\spring-boot-starter-web\2.7.18\spring-boot-starter-web-2.7.18.jar;C:\Users\Roberto\.m2\repository\org\springframework\boot\spring-boot-starter\2.7.18\spring-boot-starter-2.7.18.jar;C:\Users\Roberto\.m2\repository\org\springframework\boot\spring-boot\2.7.18\spring-boot-2.7.18.jar;C:\Users\Roberto\.m2\repository\org\springframework\boot\spring-boot-autoconfigure\2.7.18\spring-boot-autoconfigure-2.7.18.jar;C:\Users\Roberto\.m2\repository\org\springframework\boot\spring-boot-starter-logging\2.7.18\spring-boot-starter-logging-2.7.18.jar;C:\Users\Roberto\.m2\repository\ch\qos\logback\logback-classic\1.2.12\logback-classic-1.2.12.jar;C:\Users\Roberto\.m2\repository\ch\qos\logback\logback-core\1.2.12\logback-core-1.2.12.jar;C:\Users\Roberto\.m2\repository\org\apache\logging\log4j\log4j-to-slf4j\2.17.2\log4j-to-slf4j-2.17.2.jar;C:\Users\Roberto\.m2\repository\org\apache\logging\log4j\log4j-api\2.17.2\log4j-api-2.17.2.jar;C:\Users\Roberto\.m2\repository\org\slf4j\jul-to-slf4j\1.7.36\jul-to-slf4j-1.7.36.jar;C:\Users\Roberto\.m2\repository\jakarta\annotation\jakarta.annotation-api\1.3.5\jakarta.annotation-api-1.3.5.jar;C:\Users\Roberto\.m2\repository\org\yaml\snakeyaml\1.30\snakeyaml-1.30.jar;C:\Users\Roberto\.m2\repository\org\springframework\boot\spring-boot-starter-json\2.7.18\spring-boot-starter-json-2.7.18.jar;C:\Users\Roberto\.m2\repository\com\fasterxml\jackson\datatype\jackson-datatype-jdk8\2.13.5\jackson-datatype-jdk8-2.13.5.jar;C:\Users\Roberto\.m2\repository\com\fasterxml\jackson\datatype\jackson-datatype-jsr310\2.13.5\jackson-datatype-jsr310-2.13.5.jar;C:\Users\Roberto\.m2\repository\com\fasterxml\jackson\module\jackson-module-parameter-names\2.13.5\jackson-module-parameter-names-2.13.5.jar;C:\Users\Roberto\.m2\repository\org\springframework\boot\spring-boot-starter-tomcat\2.7.18\spring-boot-starter-tomcat-2.7.18.jar
Launcher Type: SUN_STANDARD

[Global flags]
     intx CICompilerCount                          = 4                                         {product} {ergonomic}
     uint ConcGCThreads                            = 2                                         {product} {ergonomic}
     uint G1ConcRefinementThreads                  = 8                                         {product} {ergonomic}
   size_t G1HeapRegionSize                         = 1048576                                   {product} {ergonomic}
    uintx GCDrainStackTargetSize                   = 64                                        {product} {ergonomic}
   size_t InitialHeapSize                          = 130023424                                 {product} {ergonomic}
     bool ManagementServer                         = true                                      {product} {command line}
   size_t MarkStackSize                            = 4194304                                   {product} {ergonomic}
   size_t MaxHeapSize                              = 2076180480                                {product} {ergonomic}
   size_t MinHeapDeltaBytes                        = 1048576                                   {product} {ergonomic}
    uintx NonNMethodCodeHeapSize                   = 7549744                                {pd product} {ergonomic}
    uintx NonProfiledCodeHeapSize                  = 244108496                              {pd product} {ergonomic}
    uintx ProfiledCodeHeapSize                     = 0                                      {pd product} {ergonomic}
    uintx ReservedCodeCacheSize                    = 251658240                              {pd product} {ergonomic}
     bool SegmentedCodeCache                       = true                                      {product} {ergonomic}
     intx TieredStopAtLevel                        = 1                                         {product} {command line}
     bool UseCompressedClassPointers               = true                                 {lp64_product} {ergonomic}
     bool UseCompressedOops                        = true                                 {lp64_product} {ergonomic}
     bool UseG1GC                                  = true                                      {product} {ergonomic}
     bool UseLargePagesIndividualAllocation        = false                                  {pd product} {ergonomic}

Logging:
Log output configuration:
 #0: stdout all=warning uptime,level,tags
 #1: stderr all=off uptime,level,tags

Environment Variables:
JAVA_HOME=C:\Program Files\Java\jdk-11
PATH=C:/Users/Roberto/.p2/pool/plugins/org.eclipse.justj.openjdk.hotspot.jre.full.win32.x86_64_22.0.2.v20240802-1626/jre/bin/server;C:/Users/Roberto/.p2/pool/plugins/org.eclipse.justj.openjdk.hotspot.jre.full.win32.x86_64_22.0.2.v20240802-1626/jre/bin;C:\Python314\Scripts\;C:\Python314\;C:\Program Files\Common Files\Oracle\Java\javapath;C:\Program Files (x86)\Common Files\Oracle\Java\java8path;C:\Program Files (x86)\Common Files\Oracle\Java\javapath;C:\totvs\CorporeRM\API;C:\Program Files\Microsoft MPI\Bin\;C:\Python311\Scripts\;C:\Python311\;C:\Program Files (x86)\Borland\Delphi7\Bin;C:\Program Files (x86)\Borland\Delphi7\Projects\Bpl\;C:\Program Files (x86)\Embarcadero\Studio\21.0\bin;C:\Users\Public\Documents\Embarcadero\Studio\21.0\Bpl;C:\Program Files (x86)\Embarcadero\Studio\21.0\bin64;C:\Users\Public\Documents\Embarcadero\Studio\21.0\Bpl\Win64;C:\WINDOWS\system32;C:\WINDOWS;C:\WINDOWS\System32\Wbem;C:\WINDOWS\System32\WindowsPowerShell\v1.0\;C:\WINDOWS\System32\OpenSSH\;C:\Program Files (x86)\Microsoft SQL Server\150\DTS\Binn\;C:\Program Files\Microsoft SQL Server\150\DTS\Binn\;C:\Program Files\Microsoft SQL Server\Client SDK\ODBC\170\Tools\Binn\;C:\Program Files\Java\jdk1.8.0_301\bin;C:\Program Files\TortoiseSVN\bin;C:\Program Files\Git\cmd;C:\Program Files\Google\Google Apps Sync\;C:\Program Files\Google\Google Apps Migration\;C:\Boss\;C:\Program Files\dotnet\;C:\ProgramData\chocolatey\bin;C:\Program Files\Microsoft SQL Server\140\DTS\Binn\;C:\Program Files\Microsoft SQL Server\160\DTS\Binn\;C:\Program Files (x86)\Microsoft SQL Server\160\Tools\Binn\;C:\Program Files\Microsoft SQL Server\160\Tools\Binn\;C:\Program Files\nodejs\;C:\totvs\CorporeRM\API;C:\Users\Roberto\AppData\Local\Programs\Python\Python310\Scripts\;C:\Users\Roberto\AppData\Local\Programs\Python\Python310\;C:\Users\Roberto\AppData\Local\Microsoft\WindowsApps;;C:\Users\Roberto\.boss\env\dcp;C:\Users\Roberto\.boss\env\dcu;C:\Users\Roberto\.boss\env\bpl;C:\Users\Roberto\.boss\modules\.bin;.\module
USERNAME=Roberto
OS=Windows_NT
PROCESSOR_IDENTIFIER=Intel64 Family 6 Model 140 Stepping 1, GenuineIntel



---------------  S Y S T E M  ---------------

OS: Windows 11 , 64 bit Build 26100 (10.0.26100.6725)
Hyper-V role detected

CPU:total 8 (initial active 8) (4 cores per cpu, 2 threads per core) family 6 model 140 stepping 1 microcode 0xbc, cmov, cx8, fxsr, mmx, sse, sse2, sse3, ssse3, sse4.1, sse4.2, popcnt, avx, avx2, aes, clmul, erms, 3dnowpref, lzcnt, ht, tsc, tscinvbit, bmi1, bmi2, adx, evex, sha, fma

Memory: 4k page, system-wide physical 7914M (927M free)
TotalPageFile size 32490M (AvailPageFile size 126M)
current process WorkingSet (physical memory assigned to process): 11M, peak: 11M
current process commit charge ("private bytes"): 57M, peak: 181M

vm_info: Java HotSpot(TM) 64-Bit Server VM (11.0.26+7-LTS-187) for windows-amd64 JRE (11.0.26+7-LTS-187), built on Dec  3 2024 11:06:37 by "mach5one" with MS VC++ 17.6 (VS2022)

END.
