#
# There is insufficient memory for the Java Runtime Environment to continue.
# Native memory allocation (malloc) failed to allocate 1048576 bytes for AllocateHeap
# Possible reasons:
#   The system is out of physical RAM or swap space
#   The process is running with CompressedOops enabled, and the Java Heap may be blocking the growth of the native heap
# Possible solutions:
#   Reduce memory load on the system
#   Increase physical memory or swap space
#   Check if swap backing store is full
#   Decrease Java heap size (-Xmx/-Xms)
#   Decrease number of Java threads
#   Decrease Java thread stack sizes (-Xss)
#   Set larger code cache with -XX:ReservedCodeCacheSize=
#   JVM is running with Unscaled Compressed Oops mode in which the Java heap is
#     placed in the first 4GB address space. The Java Heap base address is the
#     maximum limit for the native heap growth. Please use -XX:HeapBaseMinAddress
#     to set the Java Heap base and to place the Java Heap above 4GB virtual address.
# This output file may be truncated or incomplete.
#
#  Out of Memory Error (./open/src/hotspot/share/memory/allocation.cpp:46), pid=30244, tid=28752
#
# JRE version: Java(TM) SE Runtime Environment 18.9 (11.0.26+7) (build 11.0.26+7-LTS-187)
# Java VM: Java HotSpot(TM) 64-Bit Server VM 18.9 (11.0.26+7-LTS-187, mixed mode, tiered, compressed oops, g1 gc, windows-amd64)
# No core dump will be written. Minidumps are not enabled by default on client versions of Windows
#

---------------  S U M M A R Y ------------

Command Line: -Dcom.sun.management.jmxremote -Dcom.sun.management.jmxremote.port=57029 -Dcom.sun.management.jmxremote.authenticate=false -Dcom.sun.management.jmxremote.ssl=false -Djava.rmi.server.hostname=localhost -Dspring.jmx.enabled=true -Dmanagement.endpoints.jmx.exposure.include=* -Dspring.application.admin.enabled=true -Dspring.output.ansi.enabled=always -XX:TieredStopAtLevel=1 -Dspring.boot.project.name=sga -Dfile.encoding=UTF-8 -Dstdout.encoding=UTF-8 -Dstderr.encoding=UTF-8 com.sga.SgaApplication

Host: 11th Gen Intel(R) Core(TM) i7-1165G7 @ 2.80GHz, 8 cores, 7G,  Windows 11 , 64 bit Build 26100 (10.0.26100.7705)
Time: Fri Mar 20 16:34:45 2026 Hora oficial do Brasil elapsed time: 27.946075 seconds (0d 0h 0m 27s)

---------------  T H R E A D  ---------------

Current thread (0x000002575057c800):  VMThread "VM Thread" [stack: 0x000000dd46900000,0x000000dd46a00000] [id=28752]

Stack: [0x000000dd46900000,0x000000dd46a00000]
[error occurred during error reporting (printing stack bounds), id 0xc0000005, EXCEPTION_ACCESS_VIOLATION (0xc0000005) at pc=0x0000025739e610e7]

Native frames: (J=compiled Java code, j=interpreted, Vv=VM code, C=native code)
V  [jvm.dll+0x65862a]
V  [jvm.dll+0x79b21f]
V  [jvm.dll+0x79c8e9]
V  [jvm.dll+0x79cef5]
V  [jvm.dll+0x79ceab]
V  [jvm.dll+0x657b3d]
V  [jvm.dll+0x658228]
C  [ntdll.dll+0x16618f]
C  [ntdll.dll+0x12327]
C  [ntdll.dll+0x165ace]
C  0x0000025739e610e7

VM_Operation (0x000000dd463f7470): CollectForMetadataAllocation, mode: safepoint, requested by thread 0x00000257327b3800


---------------  P R O C E S S  ---------------

Threads class SMR info:
_java_thread_list=0x00000257518df620, length=20, elements={
0x00000257327b3800, 0x000002575057f800, 0x0000025750d90800, 0x0000025750de3800,
0x0000025750de4800, 0x0000025750de7800, 0x0000025750de8800, 0x0000025750e0f800,
0x0000025750f2f800, 0x000002575170e800, 0x0000025751733800, 0x00000257517bc800,
0x0000025751040000, 0x0000025752457000, 0x0000025752451800, 0x0000025752466000,
0x0000025750f3f000, 0x0000025750f3f800, 0x00000257532d1800, 0x0000025751a5f800
}

Java Threads: ( => current thread )
  0x00000257327b3800 JavaThread "main" [_thread_blocked, id=12344, stack(0x000000dd46300000,0x000000dd46400000)]
  0x000002575057f800 JavaThread "Reference Handler" daemon [_thread_blocked, id=32688, stack(0x000000dd46a00000,0x000000dd46b00000)]
  0x0000025750d90800 JavaThread "Finalizer" daemon [_thread_blocked, id=28640, stack(0x000000dd46b00000,0x000000dd46c00000)]
  0x0000025750de3800 JavaThread "Signal Dispatcher" daemon [_thread_blocked, id=30352, stack(0x000000dd46c00000,0x000000dd46d00000)]
  0x0000025750de4800 JavaThread "Attach Listener" daemon [_thread_blocked, id=26300, stack(0x000000dd46d00000,0x000000dd46e00000)]
  0x0000025750de7800 JavaThread "Service Thread" daemon [_thread_blocked, id=29116, stack(0x000000dd46e00000,0x000000dd46f00000)]
  0x0000025750de8800 JavaThread "C1 CompilerThread0" daemon [_thread_blocked, id=27636, stack(0x000000dd46f00000,0x000000dd47000000)]
  0x0000025750e0f800 JavaThread "Sweeper thread" daemon [_thread_blocked, id=30316, stack(0x000000dd47000000,0x000000dd47100000)]
  0x0000025750f2f800 JavaThread "Common-Cleaner" daemon [_thread_blocked, id=26288, stack(0x000000dd47100000,0x000000dd47200000)]
  0x000002575170e800 JavaThread "RMI TCP Accept-0" daemon [_thread_in_native, id=32000, stack(0x000000dd47200000,0x000000dd47300000)]
  0x0000025751733800 JavaThread "RMI TCP Accept-57029" daemon [_thread_in_native, id=31504, stack(0x000000dd47300000,0x000000dd47400000)]
  0x00000257517bc800 JavaThread "RMI TCP Accept-0" daemon [_thread_in_native, id=13476, stack(0x000000dd47400000,0x000000dd47500000)]
  0x0000025751040000 JavaThread "RMI TCP Connection(1)-127.0.0.1" daemon [_thread_in_native, id=9540, stack(0x000000dd47700000,0x000000dd47800000)]
  0x0000025752457000 JavaThread "RMI Scheduler(0)" daemon [_thread_blocked, id=12304, stack(0x000000dd47800000,0x000000dd47900000)]
  0x0000025752451800 JavaThread "RMI TCP Connection(2)-127.0.0.1" daemon [_thread_blocked, id=27132, stack(0x000000dd47900000,0x000000dd47a00000)]
  0x0000025752466000 JavaThread "JMX server connection timeout 20" daemon [_thread_blocked, id=19112, stack(0x000000dd47a00000,0x000000dd47b00000)]
  0x0000025750f3f000 JavaThread "Catalina-utility-1" [_thread_blocked, id=28036, stack(0x000000dd47b00000,0x000000dd47c00000)]
  0x0000025750f3f800 JavaThread "Catalina-utility-2" [_thread_blocked, id=23416, stack(0x000000dd47f00000,0x000000dd48000000)]
  0x00000257532d1800 JavaThread "container-0" [_thread_blocked, id=18040, stack(0x000000dd48000000,0x000000dd48100000)]
  0x0000025751a5f800 JavaThread "HikariPool-1 housekeeper" daemon [_thread_blocked, id=22908, stack(0x000000dd48200000,0x000000dd48300000)]

Other Threads:
=>0x000002575057c800 VMThread "VM Thread" [stack: 0x000000dd46900000,0x000000dd46a00000] [id=28752]
  0x0000025751731800 WatcherThread [stack: 0x000000dd47500000,0x000000dd47600000] [id=23560]
  0x00000257327ca000 GCTaskThread "GC Thread#0" [stack: 0x000000dd46400000,0x000000dd46500000] [id=29088]
  0x00000257523cf800 GCTaskThread "GC Thread#1" [stack: 0x000000dd47600000,0x000000dd47700000] [id=31240]
  0x0000025752695000 GCTaskThread "GC Thread#2" [stack: 0x000000dd47c00000,0x000000dd47d00000] [id=11664]
  0x00000257525fc800 GCTaskThread "GC Thread#3" [stack: 0x000000dd47d00000,0x000000dd47e00000] [id=30872]
  0x0000025750ef8800 GCTaskThread "GC Thread#4" [stack: 0x000000dd48400000,0x000000dd48500000] [id=20764]
  0x0000025754f6c000 GCTaskThread "GC Thread#5" [stack: 0x000000dd48500000,0x000000dd48600000] [id=10016]
  0x0000025754f05800 GCTaskThread "GC Thread#6" [stack: 0x000000dd48600000,0x000000dd48700000] [id=21792]
  0x0000025754f06000 GCTaskThread "GC Thread#7" [stack: 0x000000dd48700000,0x000000dd48800000] [id=31964]
  0x00000257327fc000 ConcurrentGCThread "G1 Main Marker" [stack: 0x000000dd46500000,0x000000dd46600000] [id=21808]
  0x00000257327fe800 ConcurrentGCThread "G1 Conc#0" [stack: 0x000000dd46600000,0x000000dd46700000] [id=4868]
  0x0000025752593000 ConcurrentGCThread "G1 Conc#1" [stack: 0x000000dd47e00000,0x000000dd47f00000] [id=16404]
  0x000002573286e000 ConcurrentGCThread "G1 Refine#0" [stack: 0x000000dd46700000,0x000000dd46800000] [id=25860]
  0x00000257503b6800 ConcurrentGCThread "G1 Young RemSet Sampling" [stack: 0x000000dd46800000,0x000000dd46900000] [id=14040]

Threads with active compile tasks:

VM state:at safepoint (normal execution)

VM Mutex/Monitor currently owned by a thread:  ([mutex/lock_event])
[0x00000257327b2510] Threads_lock - owner thread: 0x000002575057c800
[0x00000257327b2000] Heap_lock - owner thread: 0x00000257327b3800

Heap address: 0x0000000084400000, size: 1980 MB, Compressed Oops mode: 32-bit
Narrow klass base: 0x0000000000000000, Narrow klass shift: 3
Compressed class space size: 1073741824 Address: 0x0000000100000000

Heap:
 garbage-first heap   total 152576K, used 28155K [0x0000000084400000, 0x0000000100000000)
  region size 1024K, 7 young (7168K), 7 survivors (7168K)
 Metaspace       used 59067K, capacity 60396K, committed 60496K, reserved 1105920K
  class space    used 7771K, capacity 8304K, committed 8352K, reserved 1048576K
Heap Regions: E=young(eden), S=young(survivor), O=old, HS=humongous(starts), HC=humongous(continues), CS=collection set, F=free, A=archive, TAMS=top-at-mark-start (previous, next)
|   0|0x0000000084400000, 0x0000000084500000, 0x0000000084500000|100%|HS|  |TAMS 0x0000000084500000, 0x0000000084500000| Complete 
|   1|0x0000000084500000, 0x0000000084600000, 0x0000000084600000|100%| O|  |TAMS 0x0000000084600000, 0x0000000084600000| Untracked 
|   2|0x0000000084600000, 0x0000000084700000, 0x0000000084700000|100%| O|  |TAMS 0x0000000084700000, 0x0000000084700000| Untracked 
|   3|0x0000000084700000, 0x0000000084800000, 0x0000000084800000|100%| O|  |TAMS 0x0000000084800000, 0x0000000084800000| Untracked 
|   4|0x0000000084800000, 0x0000000084900000, 0x0000000084900000|100%| O|  |TAMS 0x0000000084900000, 0x0000000084900000| Untracked 
|   5|0x0000000084900000, 0x0000000084a00000, 0x0000000084a00000|100%| O|  |TAMS 0x0000000084a00000, 0x0000000084a00000| Untracked 
|   6|0x0000000084a00000, 0x0000000084b00000, 0x0000000084b00000|100%| O|  |TAMS 0x0000000084b00000, 0x0000000084b00000| Untracked 
|   7|0x0000000084b00000, 0x0000000084c00000, 0x0000000084c00000|100%| O|  |TAMS 0x0000000084c00000, 0x0000000084c00000| Untracked 
|   8|0x0000000084c00000, 0x0000000084d00000, 0x0000000084d00000|100%| O|  |TAMS 0x0000000084d00000, 0x0000000084d00000| Untracked 
|   9|0x0000000084d00000, 0x0000000084e00000, 0x0000000084e00000|100%| O|  |TAMS 0x0000000084e00000, 0x0000000084e00000| Untracked 
|  10|0x0000000084e00000, 0x0000000084f00000, 0x0000000084f00000|100%| O|  |TAMS 0x0000000084ea0e00, 0x0000000084f00000| Untracked 
|  11|0x0000000084f00000, 0x0000000085000000, 0x0000000085000000|100%| O|  |TAMS 0x0000000084f00000, 0x0000000085000000| Untracked 
|  12|0x0000000085000000, 0x0000000085100000, 0x0000000085100000|100%| O|  |TAMS 0x0000000085000000, 0x0000000085100000| Untracked 
|  13|0x0000000085100000, 0x0000000085200000, 0x0000000085200000|100%| O|  |TAMS 0x0000000085100000, 0x0000000085200000| Untracked 
|  14|0x0000000085200000, 0x0000000085300000, 0x0000000085300000|100%| O|  |TAMS 0x0000000085200000, 0x0000000085300000| Untracked 
|  15|0x0000000085300000, 0x0000000085400000, 0x0000000085400000|100%| O|  |TAMS 0x0000000085300000, 0x0000000085400000| Untracked 
|  16|0x0000000085400000, 0x0000000085500000, 0x0000000085500000|100%| O|  |TAMS 0x0000000085400000, 0x0000000085500000| Untracked 
|  17|0x0000000085500000, 0x0000000085600000, 0x0000000085600000|100%| O|  |TAMS 0x0000000085500000, 0x0000000085600000| Untracked 
|  18|0x0000000085600000, 0x0000000085700000, 0x0000000085700000|100%| O|  |TAMS 0x0000000085600000, 0x0000000085700000| Untracked 
|  19|0x0000000085700000, 0x0000000085800000, 0x0000000085800000|100%| O|  |TAMS 0x0000000085700000, 0x0000000085800000| Untracked 
|  20|0x0000000085800000, 0x00000000858fd000, 0x0000000085900000| 98%| O|  |TAMS 0x0000000085800000, 0x00000000858fd000| Untracked 
|  21|0x0000000085900000, 0x0000000085900000, 0x0000000085a00000|  0%| F|  |TAMS 0x0000000085900000, 0x0000000085900000| Untracked 
|  22|0x0000000085a00000, 0x0000000085a00000, 0x0000000085b00000|  0%| F|  |TAMS 0x0000000085a00000, 0x0000000085a00000| Untracked 
|  23|0x0000000085b00000, 0x0000000085b00000, 0x0000000085c00000|  0%| F|  |TAMS 0x0000000085b00000, 0x0000000085b00000| Untracked 
|  24|0x0000000085c00000, 0x0000000085c00000, 0x0000000085d00000|  0%| F|  |TAMS 0x0000000085c00000, 0x0000000085c00000| Untracked 
|  25|0x0000000085d00000, 0x0000000085d00000, 0x0000000085e00000|  0%| F|  |TAMS 0x0000000085d00000, 0x0000000085d00000| Untracked 
|  26|0x0000000085e00000, 0x0000000085e00000, 0x0000000085f00000|  0%| F|  |TAMS 0x0000000085e00000, 0x0000000085e00000| Untracked 
|  27|0x0000000085f00000, 0x0000000085f00000, 0x0000000086000000|  0%| F|  |TAMS 0x0000000085f00000, 0x0000000085f00000| Untracked 
|  28|0x0000000086000000, 0x0000000086000000, 0x0000000086100000|  0%| F|  |TAMS 0x0000000086000000, 0x0000000086000000| Untracked 
|  29|0x0000000086100000, 0x0000000086100000, 0x0000000086200000|  0%| F|  |TAMS 0x0000000086100000, 0x0000000086100000| Untracked 
|  30|0x0000000086200000, 0x0000000086200000, 0x0000000086300000|  0%| F|  |TAMS 0x0000000086200000, 0x0000000086200000| Untracked 
|  31|0x0000000086300000, 0x0000000086300000, 0x0000000086400000|  0%| F|  |TAMS 0x0000000086300000, 0x0000000086300000| Untracked 
|  32|0x0000000086400000, 0x0000000086400000, 0x0000000086500000|  0%| F|  |TAMS 0x0000000086400000, 0x0000000086400000| Untracked 
|  33|0x0000000086500000, 0x0000000086500000, 0x0000000086600000|  0%| F|  |TAMS 0x0000000086500000, 0x0000000086500000| Untracked 
|  34|0x0000000086600000, 0x0000000086600000, 0x0000000086700000|  0%| F|  |TAMS 0x0000000086600000, 0x0000000086600000| Untracked 
|  35|0x0000000086700000, 0x0000000086700000, 0x0000000086800000|  0%| F|  |TAMS 0x0000000086700000, 0x0000000086700000| Untracked 
|  36|0x0000000086800000, 0x0000000086800000, 0x0000000086900000|  0%| F|  |TAMS 0x0000000086800000, 0x0000000086800000| Untracked 
|  37|0x0000000086900000, 0x0000000086900000, 0x0000000086a00000|  0%| F|  |TAMS 0x0000000086900000, 0x0000000086900000| Untracked 
|  38|0x0000000086a00000, 0x0000000086a00000, 0x0000000086b00000|  0%| F|  |TAMS 0x0000000086a00000, 0x0000000086a00000| Untracked 
|  39|0x0000000086b00000, 0x0000000086b00000, 0x0000000086c00000|  0%| F|  |TAMS 0x0000000086b00000, 0x0000000086b00000| Untracked 
|  40|0x0000000086c00000, 0x0000000086c00000, 0x0000000086d00000|  0%| F|  |TAMS 0x0000000086c00000, 0x0000000086c00000| Untracked 
|  41|0x0000000086d00000, 0x0000000086d00000, 0x0000000086e00000|  0%| F|  |TAMS 0x0000000086d00000, 0x0000000086d00000| Untracked 
|  42|0x0000000086e00000, 0x0000000086e00000, 0x0000000086f00000|  0%| F|  |TAMS 0x0000000086e00000, 0x0000000086e00000| Untracked 
|  43|0x0000000086f00000, 0x0000000086f00000, 0x0000000087000000|  0%| F|  |TAMS 0x0000000086f00000, 0x0000000086f00000| Untracked 
|  44|0x0000000087000000, 0x0000000087000000, 0x0000000087100000|  0%| F|  |TAMS 0x0000000087000000, 0x0000000087000000| Untracked 
|  45|0x0000000087100000, 0x0000000087100000, 0x0000000087200000|  0%| F|  |TAMS 0x0000000087100000, 0x0000000087100000| Untracked 
|  46|0x0000000087200000, 0x0000000087200000, 0x0000000087300000|  0%| F|  |TAMS 0x0000000087200000, 0x0000000087200000| Untracked 
|  47|0x0000000087300000, 0x0000000087300000, 0x0000000087400000|  0%| F|  |TAMS 0x0000000087300000, 0x0000000087300000| Untracked 
|  48|0x0000000087400000, 0x0000000087400000, 0x0000000087500000|  0%| F|  |TAMS 0x0000000087400000, 0x0000000087400000| Untracked 
|  49|0x0000000087500000, 0x0000000087500000, 0x0000000087600000|  0%| F|  |TAMS 0x0000000087500000, 0x0000000087500000| Untracked 
|  50|0x0000000087600000, 0x0000000087600000, 0x0000000087700000|  0%| F|  |TAMS 0x0000000087600000, 0x0000000087600000| Untracked 
|  51|0x0000000087700000, 0x0000000087700000, 0x0000000087800000|  0%| F|  |TAMS 0x0000000087700000, 0x0000000087700000| Untracked 
|  52|0x0000000087800000, 0x0000000087800000, 0x0000000087900000|  0%| F|  |TAMS 0x0000000087800000, 0x0000000087800000| Untracked 
|  53|0x0000000087900000, 0x0000000087900000, 0x0000000087a00000|  0%| F|  |TAMS 0x0000000087900000, 0x0000000087900000| Untracked 
|  54|0x0000000087a00000, 0x0000000087a00000, 0x0000000087b00000|  0%| F|  |TAMS 0x0000000087a00000, 0x0000000087a00000| Untracked 
|  55|0x0000000087b00000, 0x0000000087b00000, 0x0000000087c00000|  0%| F|  |TAMS 0x0000000087b00000, 0x0000000087b00000| Untracked 
|  56|0x0000000087c00000, 0x0000000087c00000, 0x0000000087d00000|  0%| F|  |TAMS 0x0000000087c00000, 0x0000000087c00000| Untracked 
|  57|0x0000000087d00000, 0x0000000087d00000, 0x0000000087e00000|  0%| F|  |TAMS 0x0000000087d00000, 0x0000000087d00000| Untracked 
|  58|0x0000000087e00000, 0x0000000087e00000, 0x0000000087f00000|  0%| F|  |TAMS 0x0000000087e00000, 0x0000000087e00000| Untracked 
|  59|0x0000000087f00000, 0x0000000087f00000, 0x0000000088000000|  0%| F|  |TAMS 0x0000000087f00000, 0x0000000087f00000| Untracked 
|  60|0x0000000088000000, 0x0000000088000000, 0x0000000088100000|  0%| F|  |TAMS 0x0000000088000000, 0x0000000088000000| Untracked 
|  61|0x0000000088100000, 0x0000000088100000, 0x0000000088200000|  0%| F|  |TAMS 0x0000000088100000, 0x0000000088100000| Untracked 
|  62|0x0000000088200000, 0x0000000088200000, 0x0000000088300000|  0%| F|  |TAMS 0x0000000088200000, 0x0000000088200000| Untracked 
|  63|0x0000000088300000, 0x0000000088300000, 0x0000000088400000|  0%| F|  |TAMS 0x0000000088300000, 0x0000000088300000| Untracked 
|  64|0x0000000088400000, 0x0000000088400000, 0x0000000088500000|  0%| F|  |TAMS 0x0000000088400000, 0x0000000088400000| Untracked 
|  65|0x0000000088500000, 0x0000000088500000, 0x0000000088600000|  0%| F|  |TAMS 0x0000000088500000, 0x0000000088500000| Untracked 
|  66|0x0000000088600000, 0x0000000088600000, 0x0000000088700000|  0%| F|  |TAMS 0x0000000088600000, 0x0000000088600000| Untracked 
|  67|0x0000000088700000, 0x0000000088700000, 0x0000000088800000|  0%| F|  |TAMS 0x0000000088700000, 0x0000000088700000| Untracked 
|  68|0x0000000088800000, 0x0000000088800000, 0x0000000088900000|  0%| F|  |TAMS 0x0000000088800000, 0x0000000088800000| Untracked 
|  69|0x0000000088900000, 0x0000000088900000, 0x0000000088a00000|  0%| F|  |TAMS 0x0000000088900000, 0x0000000088900000| Untracked 
|  70|0x0000000088a00000, 0x0000000088a00000, 0x0000000088b00000|  0%| F|  |TAMS 0x0000000088a00000, 0x0000000088a00000| Untracked 
|  71|0x0000000088b00000, 0x0000000088b00000, 0x0000000088c00000|  0%| F|  |TAMS 0x0000000088b00000, 0x0000000088b00000| Untracked 
|  72|0x0000000088c00000, 0x0000000088c00000, 0x0000000088d00000|  0%| F|  |TAMS 0x0000000088c00000, 0x0000000088c00000| Untracked 
|  73|0x0000000088d00000, 0x0000000088d00000, 0x0000000088e00000|  0%| F|  |TAMS 0x0000000088d00000, 0x0000000088d00000| Untracked 
|  74|0x0000000088e00000, 0x0000000088e00000, 0x0000000088f00000|  0%| F|  |TAMS 0x0000000088e00000, 0x0000000088e00000| Untracked 
|  75|0x0000000088f00000, 0x0000000088f00000, 0x0000000089000000|  0%| F|  |TAMS 0x0000000088f00000, 0x0000000088f00000| Untracked 
|  76|0x0000000089000000, 0x0000000089000000, 0x0000000089100000|  0%| F|  |TAMS 0x0000000089000000, 0x0000000089000000| Untracked 
|  77|0x0000000089100000, 0x0000000089100000, 0x0000000089200000|  0%| F|  |TAMS 0x0000000089100000, 0x0000000089100000| Untracked 
|  78|0x0000000089200000, 0x0000000089200000, 0x0000000089300000|  0%| F|  |TAMS 0x0000000089200000, 0x0000000089200000| Untracked 
|  79|0x0000000089300000, 0x0000000089300000, 0x0000000089400000|  0%| F|  |TAMS 0x0000000089300000, 0x0000000089300000| Untracked 
|  80|0x0000000089400000, 0x0000000089400000, 0x0000000089500000|  0%| F|  |TAMS 0x0000000089400000, 0x0000000089400000| Untracked 
|  81|0x0000000089500000, 0x0000000089500000, 0x0000000089600000|  0%| F|  |TAMS 0x0000000089500000, 0x0000000089500000| Untracked 
|  82|0x0000000089600000, 0x0000000089600000, 0x0000000089700000|  0%| F|  |TAMS 0x0000000089600000, 0x0000000089600000| Untracked 
|  83|0x0000000089700000, 0x0000000089700000, 0x0000000089800000|  0%| F|  |TAMS 0x0000000089700000, 0x0000000089700000| Untracked 
|  84|0x0000000089800000, 0x0000000089800000, 0x0000000089900000|  0%| F|  |TAMS 0x0000000089800000, 0x0000000089800000| Untracked 
|  85|0x0000000089900000, 0x0000000089900000, 0x0000000089a00000|  0%| F|  |TAMS 0x0000000089900000, 0x0000000089900000| Untracked 
|  86|0x0000000089a00000, 0x0000000089a00000, 0x0000000089b00000|  0%| F|  |TAMS 0x0000000089a00000, 0x0000000089a00000| Untracked 
|  87|0x0000000089b00000, 0x0000000089b00000, 0x0000000089c00000|  0%| F|  |TAMS 0x0000000089b00000, 0x0000000089b00000| Untracked 
|  88|0x0000000089c00000, 0x0000000089c00000, 0x0000000089d00000|  0%| F|  |TAMS 0x0000000089c00000, 0x0000000089c00000| Untracked 
|  89|0x0000000089d00000, 0x0000000089d00000, 0x0000000089e00000|  0%| F|  |TAMS 0x0000000089d00000, 0x0000000089d00000| Untracked 
|  90|0x0000000089e00000, 0x0000000089e00000, 0x0000000089f00000|  0%| F|  |TAMS 0x0000000089e00000, 0x0000000089e00000| Untracked 
|  91|0x0000000089f00000, 0x0000000089f00000, 0x000000008a000000|  0%| F|  |TAMS 0x0000000089f00000, 0x0000000089f00000| Untracked 
|  92|0x000000008a000000, 0x000000008a000000, 0x000000008a100000|  0%| F|  |TAMS 0x000000008a000000, 0x000000008a000000| Untracked 
|  93|0x000000008a100000, 0x000000008a100000, 0x000000008a200000|  0%| F|  |TAMS 0x000000008a100000, 0x000000008a100000| Untracked 
|  94|0x000000008a200000, 0x000000008a200000, 0x000000008a300000|  0%| F|  |TAMS 0x000000008a200000, 0x000000008a200000| Untracked 
|  95|0x000000008a300000, 0x000000008a381d80, 0x000000008a400000| 50%| S|CS|TAMS 0x000000008a300000, 0x000000008a300000| Complete 
|  96|0x000000008a400000, 0x000000008a500000, 0x000000008a500000|100%| S|CS|TAMS 0x000000008a400000, 0x000000008a400000| Complete 
|  97|0x000000008a500000, 0x000000008a600000, 0x000000008a600000|100%| S|CS|TAMS 0x000000008a500000, 0x000000008a500000| Complete 
|  98|0x000000008a600000, 0x000000008a700000, 0x000000008a700000|100%| S|CS|TAMS 0x000000008a600000, 0x000000008a600000| Complete 
|  99|0x000000008a700000, 0x000000008a800000, 0x000000008a800000|100%| S|CS|TAMS 0x000000008a700000, 0x000000008a700000| Complete 
| 100|0x000000008a800000, 0x000000008a900000, 0x000000008a900000|100%| S|CS|TAMS 0x000000008a800000, 0x000000008a800000| Complete 
| 101|0x000000008a900000, 0x000000008aa00000, 0x000000008aa00000|100%| S|CS|TAMS 0x000000008a900000, 0x000000008a900000| Complete 
| 102|0x000000008aa00000, 0x000000008aa00000, 0x000000008ab00000|  0%| F|  |TAMS 0x000000008aa00000, 0x000000008aa00000| Untracked 
| 103|0x000000008ab00000, 0x000000008ab00000, 0x000000008ac00000|  0%| F|  |TAMS 0x000000008ab00000, 0x000000008ab00000| Untracked 
| 104|0x000000008ac00000, 0x000000008ac00000, 0x000000008ad00000|  0%| F|  |TAMS 0x000000008ac00000, 0x000000008ac00000| Untracked 
| 105|0x000000008ad00000, 0x000000008ad00000, 0x000000008ae00000|  0%| F|  |TAMS 0x000000008ad00000, 0x000000008ad00000| Untracked 
| 106|0x000000008ae00000, 0x000000008ae00000, 0x000000008af00000|  0%| F|  |TAMS 0x000000008ae00000, 0x000000008ae00000| Untracked 
| 107|0x000000008af00000, 0x000000008af00000, 0x000000008b000000|  0%| F|  |TAMS 0x000000008af00000, 0x000000008af00000| Untracked 
| 108|0x000000008b000000, 0x000000008b000000, 0x000000008b100000|  0%| F|  |TAMS 0x000000008b000000, 0x000000008b000000| Untracked 
| 109|0x000000008b100000, 0x000000008b100000, 0x000000008b200000|  0%| F|  |TAMS 0x000000008b100000, 0x000000008b100000| Untracked 
| 110|0x000000008b200000, 0x000000008b200000, 0x000000008b300000|  0%| F|  |TAMS 0x000000008b200000, 0x000000008b200000| Untracked 
| 111|0x000000008b300000, 0x000000008b300000, 0x000000008b400000|  0%| F|  |TAMS 0x000000008b300000, 0x000000008b300000| Untracked 
| 112|0x000000008b400000, 0x000000008b400000, 0x000000008b500000|  0%| F|  |TAMS 0x000000008b400000, 0x000000008b400000| Untracked 
| 113|0x000000008b500000, 0x000000008b500000, 0x000000008b600000|  0%| F|  |TAMS 0x000000008b500000, 0x000000008b500000| Untracked 
| 114|0x000000008b600000, 0x000000008b600000, 0x000000008b700000|  0%| F|  |TAMS 0x000000008b600000, 0x000000008b600000| Untracked 
| 115|0x000000008b700000, 0x000000008b700000, 0x000000008b800000|  0%| F|  |TAMS 0x000000008b700000, 0x000000008b700000| Untracked 
| 116|0x000000008b800000, 0x000000008b800000, 0x000000008b900000|  0%| F|  |TAMS 0x000000008b800000, 0x000000008b800000| Untracked 
| 117|0x000000008b900000, 0x000000008b900000, 0x000000008ba00000|  0%| F|  |TAMS 0x000000008b900000, 0x000000008b900000| Untracked 
| 118|0x000000008ba00000, 0x000000008ba00000, 0x000000008bb00000|  0%| F|  |TAMS 0x000000008ba00000, 0x000000008ba00000| Untracked 
| 119|0x000000008bb00000, 0x000000008bb00000, 0x000000008bc00000|  0%| F|  |TAMS 0x000000008bb00000, 0x000000008bb00000| Untracked 
| 120|0x000000008bc00000, 0x000000008bc00000, 0x000000008bd00000|  0%| F|  |TAMS 0x000000008bc00000, 0x000000008bc00000| Untracked 
| 121|0x000000008bd00000, 0x000000008bd00000, 0x000000008be00000|  0%| F|  |TAMS 0x000000008bd00000, 0x000000008bd00000| Untracked 
| 122|0x000000008be00000, 0x000000008be00000, 0x000000008bf00000|  0%| F|  |TAMS 0x000000008be00000, 0x000000008be00000| Untracked 
| 123|0x000000008bf00000, 0x000000008bf00000, 0x000000008c000000|  0%| F|  |TAMS 0x000000008bf00000, 0x000000008bf00000| Untracked 
| 124|0x000000008c000000, 0x000000008c000000, 0x000000008c100000|  0%| F|  |TAMS 0x000000008c000000, 0x000000008c000000| Untracked 
| 125|0x000000008c100000, 0x000000008c100000, 0x000000008c200000|  0%| F|  |TAMS 0x000000008c100000, 0x000000008c100000| Untracked 
| 126|0x000000008c200000, 0x000000008c200000, 0x000000008c300000|  0%| F|  |TAMS 0x000000008c200000, 0x000000008c200000| Untracked 
| 127|0x000000008c300000, 0x000000008c300000, 0x000000008c400000|  0%| F|  |TAMS 0x000000008c300000, 0x000000008c300000| Untracked 
| 128|0x000000008c400000, 0x000000008c400000, 0x000000008c500000|  0%| F|  |TAMS 0x000000008c400000, 0x000000008c400000| Untracked 
| 129|0x000000008c500000, 0x000000008c500000, 0x000000008c600000|  0%| F|  |TAMS 0x000000008c500000, 0x000000008c500000| Untracked 
| 130|0x000000008c600000, 0x000000008c600000, 0x000000008c700000|  0%| F|  |TAMS 0x000000008c600000, 0x000000008c600000| Untracked 
| 131|0x000000008c700000, 0x000000008c700000, 0x000000008c800000|  0%| F|  |TAMS 0x000000008c700000, 0x000000008c700000| Untracked 
| 132|0x000000008c800000, 0x000000008c800000, 0x000000008c900000|  0%| F|  |TAMS 0x000000008c800000, 0x000000008c800000| Untracked 
| 133|0x000000008c900000, 0x000000008c900000, 0x000000008ca00000|  0%| F|  |TAMS 0x000000008c900000, 0x000000008c900000| Untracked 
| 134|0x000000008ca00000, 0x000000008ca00000, 0x000000008cb00000|  0%| F|  |TAMS 0x000000008ca00000, 0x000000008ca00000| Untracked 
| 135|0x000000008cb00000, 0x000000008cb00000, 0x000000008cc00000|  0%| F|  |TAMS 0x000000008cb00000, 0x000000008cb00000| Untracked 
| 136|0x000000008cc00000, 0x000000008cc00000, 0x000000008cd00000|  0%| F|  |TAMS 0x000000008cc00000, 0x000000008cc00000| Untracked 
| 137|0x000000008cd00000, 0x000000008cd00000, 0x000000008ce00000|  0%| F|  |TAMS 0x000000008cd00000, 0x000000008cd00000| Untracked 
| 138|0x000000008ce00000, 0x000000008ce00000, 0x000000008cf00000|  0%| F|  |TAMS 0x000000008ce00000, 0x000000008ce00000| Untracked 
| 139|0x000000008cf00000, 0x000000008cf00000, 0x000000008d000000|  0%| F|  |TAMS 0x000000008cf00000, 0x000000008cf00000| Untracked 
| 140|0x000000008d000000, 0x000000008d000000, 0x000000008d100000|  0%| F|  |TAMS 0x000000008d000000, 0x000000008d000000| Untracked 
| 141|0x000000008d100000, 0x000000008d100000, 0x000000008d200000|  0%| F|  |TAMS 0x000000008d100000, 0x000000008d100000| Untracked 
| 142|0x000000008d200000, 0x000000008d200000, 0x000000008d300000|  0%| F|  |TAMS 0x000000008d200000, 0x000000008d200000| Untracked 
| 143|0x000000008d300000, 0x000000008d300000, 0x000000008d400000|  0%| F|  |TAMS 0x000000008d300000, 0x000000008d300000| Untracked 
| 144|0x000000008d400000, 0x000000008d400000, 0x000000008d500000|  0%| F|  |TAMS 0x000000008d400000, 0x000000008d400000| Untracked 
| 145|0x000000008d500000, 0x000000008d500000, 0x000000008d600000|  0%| F|  |TAMS 0x000000008d500000, 0x000000008d500000| Untracked 
| 146|0x000000008d600000, 0x000000008d600000, 0x000000008d700000|  0%| F|  |TAMS 0x000000008d600000, 0x000000008d600000| Untracked 
| 147|0x000000008d700000, 0x000000008d700000, 0x000000008d800000|  0%| F|  |TAMS 0x000000008d700000, 0x000000008d700000| Untracked 
| 148|0x000000008d800000, 0x000000008d800000, 0x000000008d900000|  0%| F|  |TAMS 0x000000008d800000, 0x000000008d800000| Untracked 

Card table byte_map: [0x0000025749570000,0x0000025749950000] _byte_map_base: 0x000002574914e000

Marking Bits (Prev, Next): (CMBitMap*) 0x00000257327f2908, (CMBitMap*) 0x00000257327f2940
 Prev Bits: [0x0000025749d30000, 0x000002574bc20000)
 Next Bits: [0x000002574bc20000, 0x000002574db10000)

Polling page: 0x0000025730720000

Metaspace:

Usage:
  Non-class:     50.87 MB capacity,    50.09 MB ( 98%) used,   634.30 KB (  1%) free+waste,   161.44 KB ( <1%) overhead. 
      Class:      8.11 MB capacity,     7.59 MB ( 94%) used,   450.96 KB (  5%) free+waste,    81.56 KB ( <1%) overhead. 
       Both:     58.98 MB capacity,    57.68 MB ( 98%) used,     1.06 MB (  2%) free+waste,   243.00 KB ( <1%) overhead. 

Virtual space:
  Non-class space:       56.00 MB reserved,      50.92 MB ( 91%) committed 
      Class space:        1.00 GB reserved,       8.16 MB ( <1%) committed 
             Both:        1.05 GB reserved,      59.08 MB (  5%) committed 

Chunk freelists:
   Non-Class:  6.50 KB
       Class:  2.00 KB
        Both:  8.50 KB

CodeHeap 'non-profiled nmethods': size=238336Kb used=8449Kb max_used=8449Kb free=229886Kb
 bounds [0x000002573a5a0000, 0x000002573adf0000, 0x0000025748e60000]
CodeHeap 'non-nmethods': size=7424Kb used=1217Kb max_used=1217Kb free=6206Kb
 bounds [0x0000025739e60000, 0x000002573a0d0000, 0x000002573a5a0000]
 total_blobs=5948 nmethods=5385 adapters=489
 compilation: enabled
              stopped_count=0, restarted_count=0
 full_count=0

Compilation events (10 events):
Event: 22.840 Thread 0x0000025750de8800 5382       1       java.util.Locale::getCountry (8 bytes)
Event: 22.841 Thread 0x0000025750de8800 nmethod 5382 0x000002573adde890 code [0x000002573addea20, 0x000002573addead8]
Event: 23.878 Thread 0x0000025750de8800 5383       1       java.beans.Introspector::decapitalize (68 bytes)
Event: 23.879 Thread 0x0000025750de8800 nmethod 5383 0x000002573addeb90 code [0x000002573addee20, 0x000002573addf648]
Event: 23.879 Thread 0x0000025750de8800 5384       1       java.util.concurrent.atomic.AtomicInteger::getAndAdd (12 bytes)
Event: 23.879 Thread 0x0000025750de8800 nmethod 5384 0x000002573addfb90 code [0x000002573addfd20, 0x000002573addfdd8]
Event: 23.881 Thread 0x0000025750de8800 5385       1       org.hibernate.mapping.Property::getPersistentClass (5 bytes)
Event: 24.887 Thread 0x0000025750de8800 nmethod 5385 0x000002573addfe90 code [0x000002573ade0020, 0x000002573ade00d8]
Event: 24.888 Thread 0x0000025750de8800 5386       1       org.hibernate.property.access.spi.BuiltInPropertyAccessStrategies::getExternalName (5 bytes)
Event: 24.888 Thread 0x0000025750de8800 nmethod 5386 0x000002573ade0190 code [0x000002573ade0320, 0x000002573ade03d8]

GC Heap History (10 events):
Event: 2.761 GC heap before
{Heap before GC invocations=5 (full 0):
 garbage-first heap   total 126976K, used 74927K [0x0000000084400000, 0x0000000100000000)
  region size 1024K, 64 young (65536K), 4 survivors (4096K)
 Metaspace       used 30541K, capacity 31319K, committed 31484K, reserved 1077248K
  class space    used 3825K, capacity 4129K, committed 4172K, reserved 1048576K
}
Event: 2.768 GC heap after
{Heap after GC invocations=6 (full 0):
 garbage-first heap   total 126976K, used 15608K [0x0000000084400000, 0x0000000100000000)
  region size 1024K, 6 young (6144K), 6 survivors (6144K)
 Metaspace       used 30541K, capacity 31319K, committed 31484K, reserved 1077248K
  class space    used 3825K, capacity 4129K, committed 4172K, reserved 1048576K
}
Event: 3.483 GC heap before
{Heap before GC invocations=6 (full 0):
 garbage-first heap   total 126976K, used 67832K [0x0000000084400000, 0x0000000100000000)
  region size 1024K, 58 young (59392K), 6 survivors (6144K)
 Metaspace       used 35077K, capacity 35948K, committed 36048K, reserved 1081344K
  class space    used 4463K, capacity 4810K, committed 4896K, reserved 1048576K
}
Event: 3.496 GC heap after
{Heap after GC invocations=7 (full 0):
 garbage-first heap   total 152576K, used 18033K [0x0000000084400000, 0x0000000100000000)
  region size 1024K, 7 young (7168K), 7 survivors (7168K)
 Metaspace       used 35077K, capacity 35948K, committed 36048K, reserved 1081344K
  class space    used 4463K, capacity 4810K, committed 4896K, reserved 1048576K
}
Event: 4.370 GC heap before
{Heap before GC invocations=8 (full 0):
 garbage-first heap   total 152576K, used 96881K [0x0000000084400000, 0x0000000100000000)
  region size 1024K, 79 young (80896K), 7 survivors (7168K)
 Metaspace       used 41395K, capacity 42520K, committed 42832K, reserved 1087488K
  class space    used 5275K, capacity 5726K, committed 5792K, reserved 1048576K
}
Event: 4.379 GC heap after
{Heap after GC invocations=9 (full 0):
 garbage-first heap   total 152576K, used 21721K [0x0000000084400000, 0x0000000100000000)
  region size 1024K, 9 young (9216K), 9 survivors (9216K)
 Metaspace       used 41395K, capacity 42520K, committed 42832K, reserved 1087488K
  class space    used 5275K, capacity 5726K, committed 5792K, reserved 1048576K
}
Event: 13.380 GC heap before
{Heap before GC invocations=9 (full 0):
 garbage-first heap   total 152576K, used 101593K [0x0000000084400000, 0x0000000100000000)
  region size 1024K, 87 young (89088K), 9 survivors (9216K)
 Metaspace       used 53864K, capacity 55129K, committed 55376K, reserved 1097728K
  class space    used 7079K, capacity 7579K, committed 7584K, reserved 1048576K
}
Event: 13.387 GC heap after
{Heap after GC invocations=10 (full 0):
 garbage-first heap   total 152576K, used 25179K [0x0000000084400000, 0x0000000100000000)
  region size 1024K, 8 young (8192K), 8 survivors (8192K)
 Metaspace       used 53864K, capacity 55129K, committed 55376K, reserved 1097728K
  class space    used 7079K, capacity 7579K, committed 7584K, reserved 1048576K
}
Event: 24.898 GC heap before
{Heap before GC invocations=10 (full 0):
 garbage-first heap   total 152576K, used 72283K [0x0000000084400000, 0x0000000100000000)
  region size 1024K, 55 young (56320K), 8 survivors (8192K)
 Metaspace       used 59067K, capacity 60396K, committed 60496K, reserved 1103872K
  class space    used 7771K, capacity 8304K, committed 8352K, reserved 1048576K
}
Event: 24.906 GC heap after
{Heap after GC invocations=11 (full 0):
 garbage-first heap   total 152576K, used 28155K [0x0000000084400000, 0x0000000100000000)
  region size 1024K, 7 young (7168K), 7 survivors (7168K)
 Metaspace       used 59067K, capacity 60396K, committed 60496K, reserved 1103872K
  class space    used 7771K, capacity 8304K, committed 8352K, reserved 1048576K
}

Deoptimization events (0 events):
No events

Classes redefined (0 events):
No events

Internal exceptions (10 events):
Event: 5.432 Thread 0x0000025752451800 Exception <a 'java/lang/reflect/InvocationTargetException'{0x000000008d208c08}> (0x000000008d208c08) thrown at [./open/src/hotspot/share/runtime/reflection.cpp, line 1244]
Event: 5.984 Thread 0x0000025752451800 Exception <a 'java/lang/reflect/InvocationTargetException'{0x000000008bf81fd8}> (0x000000008bf81fd8) thrown at [./open/src/hotspot/share/runtime/reflection.cpp, line 1244]
Event: 6.486 Thread 0x0000025752451800 Exception <a 'java/lang/reflect/InvocationTargetException'{0x000000008bf856d0}> (0x000000008bf856d0) thrown at [./open/src/hotspot/share/runtime/reflection.cpp, line 1244]
Event: 6.989 Thread 0x0000025752451800 Exception <a 'java/lang/reflect/InvocationTargetException'{0x000000008bf88dc8}> (0x000000008bf88dc8) thrown at [./open/src/hotspot/share/runtime/reflection.cpp, line 1244]
Event: 8.373 Thread 0x0000025752451800 Exception <a 'java/lang/reflect/InvocationTargetException'{0x000000008bc820d8}> (0x000000008bc820d8) thrown at [./open/src/hotspot/share/runtime/reflection.cpp, line 1244]
Event: 8.901 Thread 0x0000025752451800 Exception <a 'java/lang/reflect/InvocationTargetException'{0x000000008bc857d0}> (0x000000008bc857d0) thrown at [./open/src/hotspot/share/runtime/reflection.cpp, line 1244]
Event: 8.910 Thread 0x00000257327b3800 Exception <a 'java/lang/NoSuchMethodError'{0x000000008b9c02e0}: 'java.lang.Object java.lang.invoke.DirectMethodHandle$Holder.invokeStaticInit(java.lang.Object, java.lang.Object, java.lang.Object, java.lang.Object)'> (0x000000008b9c02e0) thrown at [./open/
Event: 9.403 Thread 0x0000025752451800 Exception <a 'java/lang/reflect/InvocationTargetException'{0x000000008bc88ec8}> (0x000000008bc88ec8) thrown at [./open/src/hotspot/share/runtime/reflection.cpp, line 1244]
Event: 9.963 Thread 0x0000025752451800 Exception <a 'java/lang/reflect/InvocationTargetException'{0x000000008b5c6980}> (0x000000008b5c6980) thrown at [./open/src/hotspot/share/runtime/reflection.cpp, line 1244]
Event: 17.640 Thread 0x00000257327b3800 Exception <a 'java/lang/NoSuchMethodError'{0x000000008c33aee0}: 'java.lang.Object java.lang.invoke.DirectMethodHandle$Holder.newInvokeSpecial(java.lang.Object, java.lang.Object, int, java.lang.Object, java.lang.Object)'> (0x000000008c33aee0) thrown at [./

Events (10 events):
Event: 24.897 loading class net/bytebuddy/dynamic/DynamicType$Builder$MethodDefinition$ImplementationDefinition$Optional done
Event: 24.898 loading class net/bytebuddy/dynamic/DynamicType$Builder$TypeVariableDefinition
Event: 24.898 loading class net/bytebuddy/dynamic/DynamicType$Builder$TypeVariableDefinition done
Event: 24.898 loading class net/bytebuddy/dynamic/DynamicType$Builder$RecordComponentDefinition
Event: 24.898 loading class net/bytebuddy/dynamic/DynamicType$Builder$RecordComponentDefinition done
Event: 24.898 loading class net/bytebuddy/dynamic/DynamicType$Builder$FieldDefinition$Optional$Valuable
Event: 24.898 loading class net/bytebuddy/dynamic/DynamicType$Builder$FieldDefinition$Optional$Valuable done
Event: 24.898 loading class net/bytebuddy/dynamic/DynamicType$Builder$FieldDefinition$Valuable
Event: 24.898 loading class net/bytebuddy/dynamic/DynamicType$Builder$FieldDefinition$Valuable done
Event: 24.898 Executing VM operation: CollectForMetadataAllocation


Dynamic libraries:
0x00007ff73c150000 - 0x00007ff73c160000 	C:\Program Files\Java\jdk-11\bin\javaw.exe
0x00007ffa0cc60000 - 0x00007ffa0cec8000 	C:\WINDOWS\SYSTEM32\ntdll.dll
0x00007ffa0c3b0000 - 0x00007ffa0c479000 	C:\WINDOWS\System32\KERNEL32.DLL
0x00007ffa0a600000 - 0x00007ffa0a9f1000 	C:\WINDOWS\System32\KERNELBASE.dll
0x00007ffa0a4b0000 - 0x00007ffa0a5fb000 	C:\WINDOWS\System32\ucrtbase.dll
0x00007ff9fed00000 - 0x00007ff9fed1b000 	C:\Program Files\Java\jdk-11\bin\VCRUNTIME140.dll
0x00007ff9fe2d0000 - 0x00007ff9fe2e9000 	C:\Program Files\Java\jdk-11\bin\jli.dll
0x00007ffa0b440000 - 0x00007ffa0b4f4000 	C:\WINDOWS\System32\ADVAPI32.dll
0x00007ffa0b500000 - 0x00007ffa0b5a9000 	C:\WINDOWS\System32\msvcrt.dll
0x00007ffa0b390000 - 0x00007ffa0b436000 	C:\WINDOWS\System32\sechost.dll
0x00007ffa0c9d0000 - 0x00007ffa0cae8000 	C:\WINDOWS\System32\RPCRT4.dll
0x00007ffa0b5b0000 - 0x00007ffa0b776000 	C:\WINDOWS\System32\USER32.dll
0x00007ffa09ef0000 - 0x00007ffa09f17000 	C:\WINDOWS\System32\win32u.dll
0x00007ff9ea720000 - 0x00007ff9ea9b3000 	C:\WINDOWS\WinSxS\amd64_microsoft.windows.common-controls_6595b64144ccf1df_6.0.26100.7824_none_3e0870b2e3345462\COMCTL32.dll
0x00007ffa0bed0000 - 0x00007ffa0befb000 	C:\WINDOWS\System32\GDI32.dll
0x00007ffa0a380000 - 0x00007ffa0a4ab000 	C:\WINDOWS\System32\gdi32full.dll
0x00007ffa09540000 - 0x00007ffa095e3000 	C:\WINDOWS\System32\msvcp_win.dll
0x00007ff9ff0a0000 - 0x00007ff9ff0ab000 	C:\WINDOWS\SYSTEM32\VERSION.dll
0x00007ffa0b780000 - 0x00007ffa0b7b1000 	C:\WINDOWS\System32\IMM32.DLL
0x00007ff9ffae0000 - 0x00007ff9ffaec000 	C:\Program Files\Java\jdk-11\bin\vcruntime140_1.dll
0x00007ff9cf230000 - 0x00007ff9cf2be000 	C:\Program Files\Java\jdk-11\bin\msvcp140.dll
0x00007ff9793b0000 - 0x00007ff979f13000 	C:\Program Files\Java\jdk-11\bin\server\jvm.dll
0x00007ffa0c9a0000 - 0x00007ffa0c9a8000 	C:\WINDOWS\System32\PSAPI.DLL
0x00007ffa04140000 - 0x00007ffa04175000 	C:\WINDOWS\SYSTEM32\WINMM.dll
0x00007ff9e1ab0000 - 0x00007ff9e1aba000 	C:\WINDOWS\SYSTEM32\WSOCK32.dll
0x00007ffa0b7c0000 - 0x00007ffa0b834000 	C:\WINDOWS\System32\WS2_32.dll
0x00007ffa082a0000 - 0x00007ffa082bb000 	C:\WINDOWS\SYSTEM32\kernel.appcore.dll
0x00007ff9ffab0000 - 0x00007ff9ffac0000 	C:\Program Files\Java\jdk-11\bin\verify.dll
0x00007ffa06450000 - 0x00007ffa06692000 	C:\WINDOWS\SYSTEM32\DBGHELP.DLL
0x00007ffa0bb40000 - 0x00007ffa0bec6000 	C:\WINDOWS\System32\combase.dll
0x00007ffa0b840000 - 0x00007ffa0b917000 	C:\WINDOWS\System32\OLEAUT32.dll
0x00007ffa06410000 - 0x00007ffa0644b000 	C:\WINDOWS\SYSTEM32\dbgcore.DLL
0x00007ffa0a160000 - 0x00007ffa0a205000 	C:\WINDOWS\System32\bcryptPrimitives.dll
0x00007ff9f74a0000 - 0x00007ff9f74c8000 	C:\Program Files\Java\jdk-11\bin\java.dll
0x00007ff9f7490000 - 0x00007ff9f749a000 	C:\Program Files\Java\jdk-11\bin\jimage.dll
0x00007ff9f7470000 - 0x00007ff9f7487000 	C:\Program Files\Java\jdk-11\bin\zip.dll
0x00007ffa0aa00000 - 0x00007ffa0b152000 	C:\WINDOWS\System32\SHELL32.dll
0x00007ffa0a210000 - 0x00007ffa0a37a000 	C:\WINDOWS\System32\wintypes.dll
0x00007ffa09680000 - 0x00007ffa09ee3000 	C:\WINDOWS\System32\windows.storage.dll
0x00007ffa0c7a0000 - 0x00007ffa0c896000 	C:\WINDOWS\System32\SHCORE.dll
0x00007ffa0cbb0000 - 0x00007ffa0cc17000 	C:\WINDOWS\System32\shlwapi.dll
0x00007ffa09460000 - 0x00007ffa09489000 	C:\WINDOWS\SYSTEM32\profapi.dll
0x00007ff9f7110000 - 0x00007ff9f7129000 	C:\Program Files\Java\jdk-11\bin\net.dll
0x00007ffa01020000 - 0x00007ffa01147000 	C:\WINDOWS\SYSTEM32\WINHTTP.dll
0x00007ffa087f0000 - 0x00007ffa0885b000 	C:\WINDOWS\system32\mswsock.dll
0x00007ff9f6f70000 - 0x00007ff9f6f82000 	C:\Program Files\Java\jdk-11\bin\nio.dll
0x00007ff9f7460000 - 0x00007ff9f7469000 	C:\Program Files\Java\jdk-11\bin\management.dll
0x00007ff9f6d60000 - 0x00007ff9f6d6b000 	C:\Program Files\Java\jdk-11\bin\management_ext.dll
0x00007ff9e3290000 - 0x00007ff9e32a8000 	C:\WINDOWS\system32\napinsp.dll
0x00007ffa07ae0000 - 0x00007ffa07c0c000 	C:\WINDOWS\SYSTEM32\DNSAPI.dll
0x00007ffa07aa0000 - 0x00007ffa07ad4000 	C:\WINDOWS\SYSTEM32\IPHLPAPI.DLL
0x00007ffa0c9c0000 - 0x00007ffa0c9ca000 	C:\WINDOWS\System32\NSI.dll
0x00007ff9e3270000 - 0x00007ff9e3282000 	C:\WINDOWS\System32\winrnr.dll
0x00007ff9e3240000 - 0x00007ff9e3262000 	C:\WINDOWS\system32\nlansp_c.dll
0x00007ff9ff0d0000 - 0x00007ff9ff0e6000 	C:\WINDOWS\system32\wshbth.dll
0x00007ffa00100000 - 0x00007ffa0010b000 	C:\Windows\System32\rasadhlp.dll
0x00007ffa01fb0000 - 0x00007ffa02036000 	C:\WINDOWS\System32\fwpuclnt.dll
0x00007ffa08be0000 - 0x00007ffa08bfb000 	C:\WINDOWS\SYSTEM32\CRYPTSP.dll
0x00007ffa08200000 - 0x00007ffa08239000 	C:\WINDOWS\system32\rsaenh.dll
0x00007ffa088a0000 - 0x00007ffa088cb000 	C:\WINDOWS\SYSTEM32\USERENV.dll
0x00007ffa09430000 - 0x00007ffa0945a000 	C:\WINDOWS\SYSTEM32\bcrypt.dll
0x00007ffa08a40000 - 0x00007ffa08a4c000 	C:\WINDOWS\SYSTEM32\CRYPTBASE.dll
0x00007ffa05890000 - 0x00007ffa058ae000 	C:\WINDOWS\SYSTEM32\dhcpcsvc6.DLL
0x00007ffa05860000 - 0x00007ffa05883000 	C:\WINDOWS\SYSTEM32\dhcpcsvc.DLL
0x00007ff9f6970000 - 0x00007ff9f6997000 	C:\Program Files\Java\jdk-11\bin\sunec.dll
0x00007ff9f6d50000 - 0x00007ff9f6d5e000 	C:\Program Files\Java\jdk-11\bin\sunmscapi.dll
0x00007ffa09fe0000 - 0x00007ffa0a157000 	C:\WINDOWS\System32\CRYPT32.dll
0x00007ffa08d40000 - 0x00007ffa08d70000 	C:\WINDOWS\SYSTEM32\ncrypt.dll
0x00007ffa08cf0000 - 0x00007ffa08d2f000 	C:\WINDOWS\SYSTEM32\NTASN1.dll

dbghelp: loaded successfully - version: 4.0.5 - missing functions: none
symbol engine: initialized successfully - sym options: 0x614 - pdb path: .;C:\Program Files\Java\jdk-11\bin;C:\WINDOWS\SYSTEM32;C:\WINDOWS\WinSxS\amd64_microsoft.windows.common-controls_6595b64144ccf1df_6.0.26100.7824_none_3e0870b2e3345462;C:\Program Files\Java\jdk-11\bin\server

VM Arguments:
jvm_args: -Dcom.sun.management.jmxremote -Dcom.sun.management.jmxremote.port=57029 -Dcom.sun.management.jmxremote.authenticate=false -Dcom.sun.management.jmxremote.ssl=false -Djava.rmi.server.hostname=localhost -Dspring.jmx.enabled=true -Dmanagement.endpoints.jmx.exposure.include=* -Dspring.application.admin.enabled=true -Dspring.output.ansi.enabled=always -XX:TieredStopAtLevel=1 -Dspring.boot.project.name=sga -Dfile.encoding=UTF-8 -Dstdout.encoding=UTF-8 -Dstderr.encoding=UTF-8 
java_command: com.sga.SgaApplication
java_class_path (initial): E:\Users\roberto\Documents\Desenvolvimento\Web\sga\target\classes;C:\Users\Roberto\.m2\repository\org\springframework\boot\spring-boot-starter-web\2.7.18\spring-boot-starter-web-2.7.18.jar;C:\Users\Roberto\.m2\repository\org\springframework\boot\spring-boot-starter\2.7.18\spring-boot-starter-2.7.18.jar;C:\Users\Roberto\.m2\repository\org\springframework\boot\spring-boot\2.7.18\spring-boot-2.7.18.jar;C:\Users\Roberto\.m2\repository\org\springframework\boot\spring-boot-autoconfigure\2.7.18\spring-boot-autoconfigure-2.7.18.jar;C:\Users\Roberto\.m2\repository\org\springframework\boot\spring-boot-starter-logging\2.7.18\spring-boot-starter-logging-2.7.18.jar;C:\Users\Roberto\.m2\repository\ch\qos\logback\logback-classic\1.2.12\logback-classic-1.2.12.jar;C:\Users\Roberto\.m2\repository\ch\qos\logback\logback-core\1.2.12\logback-core-1.2.12.jar;C:\Users\Roberto\.m2\repository\org\apache\logging\log4j\log4j-to-slf4j\2.17.2\log4j-to-slf4j-2.17.2.jar;C:\Users\Roberto\.m2\repository\org\apache\logging\log4j\log4j-api\2.17.2\log4j-api-2.17.2.jar;C:\Users\Roberto\.m2\repository\org\slf4j\jul-to-slf4j\1.7.36\jul-to-slf4j-1.7.36.jar;C:\Users\Roberto\.m2\repository\jakarta\annotation\jakarta.annotation-api\1.3.5\jakarta.annotation-api-1.3.5.jar;C:\Users\Roberto\.m2\repository\org\yaml\snakeyaml\1.30\snakeyaml-1.30.jar;C:\Users\Roberto\.m2\repository\org\springframework\boot\spring-boot-starter-json\2.7.18\spring-boot-starter-json-2.7.18.jar;C:\Users\Roberto\.m2\repository\com\fasterxml\jackson\datatype\jackson-datatype-jdk8\2.13.5\jackson-datatype-jdk8-2.13.5.jar;C:\Users\Roberto\.m2\repository\com\fasterxml\jackson\datatype\jackson-datatype-jsr310\2.13.5\jackson-datatype-jsr310-2.13.5.jar;C:\Users\Roberto\.m2\repository\com\fasterxml\jackson\module\jackson-module-parameter-names\2.13.5\jackson-module-parameter-names-2.13.5.jar;C:\Users\Roberto\.m2\repository\org\springframework\boot\spring-boot-starter-tomcat\2.7.18\spring-boot-starter-tomcat-2.7.18.jar
Launcher Type: SUN_STANDARD

[Global flags]
     intx CICompilerCount                          = 4                                         {product} {ergonomic}
     uint ConcGCThreads                            = 2                                         {product} {ergonomic}
     uint G1ConcRefinementThreads                  = 8                                         {product} {ergonomic}
   size_t G1HeapRegionSize                         = 1048576                                   {product} {ergonomic}
    uintx GCDrainStackTargetSize                   = 64                                        {product} {ergonomic}
   size_t InitialHeapSize                          = 130023424                                 {product} {ergonomic}
     bool ManagementServer                         = true                                      {product} {command line}
   size_t MarkStackSize                            = 4194304                                   {product} {ergonomic}
   size_t MaxHeapSize                              = 2076180480                                {product} {ergonomic}
   size_t MaxNewSize                               = 1245708288                                {product} {ergonomic}
   size_t MinHeapDeltaBytes                        = 1048576                                   {product} {ergonomic}
    uintx NonNMethodCodeHeapSize                   = 7549744                                {pd product} {ergonomic}
    uintx NonProfiledCodeHeapSize                  = 244108496                              {pd product} {ergonomic}
    uintx ProfiledCodeHeapSize                     = 0                                      {pd product} {ergonomic}
    uintx ReservedCodeCacheSize                    = 251658240                              {pd product} {ergonomic}
     bool SegmentedCodeCache                       = true                                      {product} {ergonomic}
     intx TieredStopAtLevel                        = 1                                         {product} {command line}
     bool UseCompressedClassPointers               = true                                 {lp64_product} {ergonomic}
     bool UseCompressedOops                        = true                                 {lp64_product} {ergonomic}
     bool UseG1GC                                  = true                                      {product} {ergonomic}
     bool UseLargePagesIndividualAllocation        = false                                  {pd product} {ergonomic}

Logging:
Log output configuration:
 #0: stdout all=warning uptime,level,tags
 #1: stderr all=off uptime,level,tags

Environment Variables:
JAVA_HOME=C:\Program Files\Java\jdk-11
PATH=C:/Users/Roberto/.p2/pool/plugins/org.eclipse.justj.openjdk.hotspot.jre.full.win32.x86_64_22.0.2.v20240802-1626/jre/bin/server;C:/Users/Roberto/.p2/pool/plugins/org.eclipse.justj.openjdk.hotspot.jre.full.win32.x86_64_22.0.2.v20240802-1626/jre/bin;C:\totvs\CorporeRM\API;C:\Python314\Scripts\;C:\Python314\;C:\Program Files\Common Files\Oracle\Java\javapath;C:\Program Files (x86)\Common Files\Oracle\Java\java8path;C:\Program Files (x86)\Common Files\Oracle\Java\javapath;C:\Program Files\Microsoft MPI\Bin\;C:\Python311\Scripts\;C:\Python311\;C:\Program Files (x86)\Borland\Delphi7\Bin;C:\Program Files (x86)\Borland\Delphi7\Projects\Bpl\;C:\Program Files (x86)\Embarcadero\Studio\21.0\bin;C:\Users\Public\Documents\Embarcadero\Studio\21.0\Bpl;C:\Program Files (x86)\Embarcadero\Studio\21.0\bin64;C:\Users\Public\Documents\Embarcadero\Studio\21.0\Bpl\Win64;C:\WINDOWS\system32;C:\WINDOWS;C:\WINDOWS\System32\Wbem;C:\WINDOWS\System32\WindowsPowerShell\v1.0\;C:\WINDOWS\System32\OpenSSH\;C:\Program Files (x86)\Microsoft SQL Server\150\DTS\Binn\;C:\Program Files\Microsoft SQL Server\150\DTS\Binn\;C:\Program Files\Microsoft SQL Server\Client SDK\ODBC\170\Tools\Binn\;C:\Program Files\Java\jdk1.8.0_301\bin;C:\Program Files\TortoiseSVN\bin;C:\Program Files\Git\cmd;C:\Program Files\Google\Google Apps Sync\;C:\Program Files\Google\Google Apps Migration\;C:\Boss\;C:\Program Files\dotnet\;C:\ProgramData\chocolatey\bin;C:\Program Files\Microsoft SQL Server\140\DTS\Binn\;C:\Program Files\Microsoft SQL Server\160\DTS\Binn\;C:\Program Files (x86)\Microsoft SQL Server\160\Tools\Binn\;C:\Program Files\Microsoft SQL Server\160\Tools\Binn\;C:\Program Files\nodejs\;C:\totvs\CorporeRM\API;C:\Users\Roberto\AppData\Local\Programs\Python\Python310\Scripts\;C:\Users\Roberto\AppData\Local\Programs\Python\Python310\;C:\Users\Roberto\AppData\Local\Microsoft\WindowsApps;;C:\Users\Roberto\.boss\env\dcp;C:\Users\Roberto\.boss\env\dcu;C:\Users\Roberto\.boss\env\bpl;C:\Users\Roberto\.boss\modules\.bin;.\module
USERNAME=Roberto
OS=Windows_NT
PROCESSOR_IDENTIFIER=Intel64 Family 6 Model 140 Stepping 1, GenuineIntel



---------------  S Y S T E M  ---------------

OS: Windows 11 , 64 bit Build 26100 (10.0.26100.7705)
Hyper-V role detected

CPU:total 8 (initial active 8) (4 cores per cpu, 2 threads per core) family 6 model 140 stepping 1 microcode 0xbc, cmov, cx8, fxsr, mmx, sse, sse2, sse3, ssse3, sse4.1, sse4.2, popcnt, avx, avx2, aes, clmul, erms, 3dnowpref, lzcnt, ht, tsc, tscinvbit, bmi1, bmi2, adx, evex, sha, fma

Memory: 4k page, system-wide physical 7914M (687M free)
TotalPageFile size 32490M (AvailPageFile size 162M)
current process WorkingSet (physical memory assigned to process): 204M, peak: 235M
current process commit charge ("private bytes"): 314M, peak: 315M

vm_info: Java HotSpot(TM) 64-Bit Server VM (11.0.26+7-LTS-187) for windows-amd64 JRE (11.0.26+7-LTS-187), built on Dec  3 2024 11:06:37 by "mach5one" with MS VC++ 17.6 (VS2022)

END.
