#
# There is insufficient memory for the Java Runtime Environment to continue.
# Native memory allocation (mmap) failed to map 26214400 bytes for Failed to commit area from 0x000000008c000000 to 0x000000008d900000 of length 26214400.
# Possible reasons:
#   The system is out of physical RAM or swap space
#   The process is running with CompressedOops enabled, and the Java Heap may be blocking the growth of the native heap
# Possible solutions:
#   Reduce memory load on the system
#   Increase physical memory or swap space
#   Check if swap backing store is full
#   Decrease Java heap size (-Xmx/-Xms)
#   Decrease number of Java threads
#   Decrease Java thread stack sizes (-Xss)
#   Set larger code cache with -XX:ReservedCodeCacheSize=
#   JVM is running with Unscaled Compressed Oops mode in which the Java heap is
#     placed in the first 4GB address space. The Java Heap base address is the
#     maximum limit for the native heap growth. Please use -XX:HeapBaseMinAddress
#     to set the Java Heap base and to place the Java Heap above 4GB virtual address.
# This output file may be truncated or incomplete.
#
#  Out of Memory Error (./open/src/hotspot/os/windows/os_windows.cpp:3301), pid=37984, tid=18448
#
# JRE version: Java(TM) SE Runtime Environment 18.9 (11.0.26+7) (build 11.0.26+7-LTS-187)
# Java VM: Java HotSpot(TM) 64-Bit Server VM 18.9 (11.0.26+7-LTS-187, mixed mode, tiered, compressed oops, g1 gc, windows-amd64)
# No core dump will be written. Minidumps are not enabled by default on client versions of Windows
#

---------------  S U M M A R Y ------------

Command Line: -Dcom.sun.management.jmxremote -Dcom.sun.management.jmxremote.port=62728 -Dcom.sun.management.jmxremote.authenticate=false -Dcom.sun.management.jmxremote.ssl=false -Djava.rmi.server.hostname=localhost -Dspring.jmx.enabled=true -Dmanagement.endpoints.jmx.exposure.include=* -Dspring.application.admin.enabled=true -Dspring.output.ansi.enabled=always -XX:TieredStopAtLevel=1 -Dspring.boot.project.name=sga -Dfile.encoding=UTF-8 -Dstdout.encoding=UTF-8 -Dstderr.encoding=UTF-8 com.sga.SgaApplication

Host: 11th Gen Intel(R) Core(TM) i7-1165G7 @ 2.80GHz, 8 cores, 7G,  Windows 11 , 64 bit Build 26100 (10.0.26100.8328)
Time: Tue Jun  9 11:05:15 2026 Hora oficial do Brasil elapsed time: 3.743352 seconds (0d 0h 0m 3s)

---------------  T H R E A D  ---------------

Current thread (0x0000022ccf173800):  VMThread "VM Thread" [stack: 0x0000005104400000,0x0000005104500000] [id=18448]

Stack: [0x0000005104400000,0x0000005104500000]
[error occurred during error reporting (printing stack bounds), id 0xc0000005, EXCEPTION_ACCESS_VIOLATION (0xc0000005) at pc=0x0000022cb82910e7]

Native frames: (J=compiled Java code, j=interpreted, Vv=VM code, C=native code)
V  [jvm.dll+0x65862a]
V  [jvm.dll+0x79b21f]
V  [jvm.dll+0x79c8e9]
V  [jvm.dll+0x79cef5]
V  [jvm.dll+0x79ceab]
V  [jvm.dll+0x657b3d]
V  [jvm.dll+0x658228]
C  [ntdll.dll+0x1663df]
C  [ntdll.dll+0x19497]
C  [ntdll.dll+0x165d1e]
C  0x0000022cb82910e7

VM_Operation (0x0000005103efc600): G1CollectForAllocation, mode: safepoint, requested by thread 0x0000022caf439800


---------------  P R O C E S S  ---------------

Threads class SMR info:
_java_thread_list=0x0000022cd16366b0, length=16, elements={
0x0000022caf439800, 0x0000022ccf175800, 0x0000022ccf17a000, 0x0000022ccf9d7800,
0x0000022ccf9d8800, 0x0000022ccf9da000, 0x0000022ccf9db000, 0x0000022ccf9f2000,
0x0000022ccf10f800, 0x0000022cd0348800, 0x0000022cd030a800, 0x0000022cd0336000,
0x0000022cd105b000, 0x0000022cd107c800, 0x0000022cd1098000, 0x0000022cd10c1000
}

Java Threads: ( => current thread )
  0x0000022caf439800 JavaThread "main" [_thread_blocked, id=18540, stack(0x0000005103e00000,0x0000005103f00000)]
  0x0000022ccf175800 JavaThread "Reference Handler" daemon [_thread_blocked, id=22404, stack(0x0000005104500000,0x0000005104600000)]
  0x0000022ccf17a000 JavaThread "Finalizer" daemon [_thread_blocked, id=33556, stack(0x0000005104600000,0x0000005104700000)]
  0x0000022ccf9d7800 JavaThread "Signal Dispatcher" daemon [_thread_blocked, id=40392, stack(0x0000005104700000,0x0000005104800000)]
  0x0000022ccf9d8800 JavaThread "Attach Listener" daemon [_thread_blocked, id=36448, stack(0x0000005104800000,0x0000005104900000)]
  0x0000022ccf9da000 JavaThread "Service Thread" daemon [_thread_blocked, id=18468, stack(0x0000005104900000,0x0000005104a00000)]
  0x0000022ccf9db000 JavaThread "C1 CompilerThread0" daemon [_thread_blocked, id=34356, stack(0x0000005104a00000,0x0000005104b00000)]
  0x0000022ccf9f2000 JavaThread "Sweeper thread" daemon [_thread_blocked, id=37604, stack(0x0000005104b00000,0x0000005104c00000)]
  0x0000022ccf10f800 JavaThread "Common-Cleaner" daemon [_thread_blocked, id=20644, stack(0x0000005104c00000,0x0000005104d00000)]
  0x0000022cd0348800 JavaThread "RMI TCP Accept-0" daemon [_thread_in_native, id=28516, stack(0x0000005104d00000,0x0000005104e00000)]
  0x0000022cd030a800 JavaThread "RMI TCP Accept-62728" daemon [_thread_in_native, id=27432, stack(0x0000005104e00000,0x0000005104f00000)]
  0x0000022cd0336000 JavaThread "RMI TCP Accept-0" daemon [_thread_in_native, id=13396, stack(0x0000005104f00000,0x0000005105000000)]
  0x0000022cd105b000 JavaThread "RMI TCP Connection(1)-127.0.0.1" daemon [_thread_in_native, id=41360, stack(0x0000005105200000,0x0000005105300000)]
  0x0000022cd107c800 JavaThread "RMI Scheduler(0)" daemon [_thread_blocked, id=12932, stack(0x0000005105300000,0x0000005105400000)]
  0x0000022cd1098000 JavaThread "RMI TCP Connection(2)-127.0.0.1" daemon [_thread_blocked, id=38360, stack(0x0000005105400000,0x0000005105500000)]
  0x0000022cd10c1000 JavaThread "JMX server connection timeout 20" daemon [_thread_blocked, id=24648, stack(0x0000005105500000,0x0000005105600000)]

Other Threads:
=>0x0000022ccf173800 VMThread "VM Thread" [stack: 0x0000005104400000,0x0000005104500000] [id=18448]
  0x0000022cd0341800 WatcherThread [stack: 0x0000005105000000,0x0000005105100000] [id=32828]
  0x0000022caf451000 GCTaskThread "GC Thread#0" [stack: 0x0000005103f00000,0x0000005104000000] [id=43056]
  0x0000022cd0fd2000 GCTaskThread "GC Thread#1" [stack: 0x0000005105100000,0x0000005105200000] [id=1896]
  0x0000022cd123f000 GCTaskThread "GC Thread#2" [stack: 0x0000005105700000,0x0000005105800000] [id=7652]
  0x0000022cd127e000 GCTaskThread "GC Thread#3" [stack: 0x0000005105800000,0x0000005105900000] [id=25452]
  0x0000022caf47f000 ConcurrentGCThread "G1 Main Marker" [stack: 0x0000005104000000,0x0000005104100000] [id=35412]
  0x0000022caf487800 ConcurrentGCThread "G1 Conc#0" [stack: 0x0000005104100000,0x0000005104200000] [id=39776]
  0x0000022cd1278800 ConcurrentGCThread "G1 Conc#1" [stack: 0x0000005105900000,0x0000005105a00000] [id=10832]
  0x0000022caf4ee800 ConcurrentGCThread "G1 Refine#0" [stack: 0x0000005104200000,0x0000005104300000] [id=30376]
  0x0000022ccefb1800 ConcurrentGCThread "G1 Young RemSet Sampling" [stack: 0x0000005104300000,0x0000005104400000] [id=41700]

Threads with active compile tasks:

VM state:at safepoint (normal execution)

VM Mutex/Monitor currently owned by a thread:  ([mutex/lock_event])
[0x0000022caf435410] Threads_lock - owner thread: 0x0000022ccf173800
[0x0000022caf437270] Heap_lock - owner thread: 0x0000022caf439800

Heap address: 0x0000000084400000, size: 1980 MB, Compressed Oops mode: 32-bit
Narrow klass base: 0x0000000000000000, Narrow klass shift: 3
Compressed class space size: 1073741824 Address: 0x0000000100000000

Heap:
 garbage-first heap   total 152576K, used 17676K [0x0000000084400000, 0x0000000100000000)
  region size 1024K, 7 young (7168K), 7 survivors (7168K)
 Metaspace       used 33356K, capacity 34218K, committed 34480K, reserved 1079296K
  class space    used 4184K, capacity 4500K, committed 4608K, reserved 1048576K
Heap Regions: E=young(eden), S=young(survivor), O=old, HS=humongous(starts), HC=humongous(continues), CS=collection set, F=free, A=archive, TAMS=top-at-mark-start (previous, next)
|   0|0x0000000084400000, 0x0000000084500000, 0x0000000084500000|100%|HS|  |TAMS 0x0000000084500000, 0x0000000084400000| Complete 
|   1|0x0000000084500000, 0x0000000084600000, 0x0000000084600000|100%| O|  |TAMS 0x0000000084600000, 0x0000000084500000| Untracked 
|   2|0x0000000084600000, 0x0000000084700000, 0x0000000084700000|100%| O|  |TAMS 0x0000000084700000, 0x0000000084600000| Untracked 
|   3|0x0000000084700000, 0x0000000084800000, 0x0000000084800000|100%| O|  |TAMS 0x0000000084800000, 0x0000000084700000| Untracked 
|   4|0x0000000084800000, 0x0000000084900000, 0x0000000084900000|100%| O|  |TAMS 0x0000000084900000, 0x0000000084800000| Untracked 
|   5|0x0000000084900000, 0x0000000084a00000, 0x0000000084a00000|100%| O|  |TAMS 0x0000000084a00000, 0x0000000084900000| Untracked 
|   6|0x0000000084a00000, 0x0000000084b00000, 0x0000000084b00000|100%| O|  |TAMS 0x0000000084b00000, 0x0000000084a00000| Untracked 
|   7|0x0000000084b00000, 0x0000000084c00000, 0x0000000084c00000|100%| O|  |TAMS 0x0000000084c00000, 0x0000000084b00000| Untracked 
|   8|0x0000000084c00000, 0x0000000084d00000, 0x0000000084d00000|100%| O|  |TAMS 0x0000000084d00000, 0x0000000084c00000| Untracked 
|   9|0x0000000084d00000, 0x0000000084e00000, 0x0000000084e00000|100%| O|  |TAMS 0x0000000084d57c00, 0x0000000084d00000| Untracked 
|  10|0x0000000084e00000, 0x0000000084ece800, 0x0000000084f00000| 80%| O|  |TAMS 0x0000000084e00000, 0x0000000084e00000| Untracked 
|  11|0x0000000084f00000, 0x0000000084f00000, 0x0000000085000000|  0%| F|  |TAMS 0x0000000084f00000, 0x0000000084f00000| Untracked 
|  12|0x0000000085000000, 0x0000000085000000, 0x0000000085100000|  0%| F|  |TAMS 0x0000000085000000, 0x0000000085000000| Untracked 
|  13|0x0000000085100000, 0x0000000085100000, 0x0000000085200000|  0%| F|  |TAMS 0x0000000085100000, 0x0000000085100000| Untracked 
|  14|0x0000000085200000, 0x0000000085200000, 0x0000000085300000|  0%| F|  |TAMS 0x0000000085200000, 0x0000000085200000| Untracked 
|  15|0x0000000085300000, 0x0000000085300000, 0x0000000085400000|  0%| F|  |TAMS 0x0000000085300000, 0x0000000085300000| Untracked 
|  16|0x0000000085400000, 0x0000000085400000, 0x0000000085500000|  0%| F|  |TAMS 0x0000000085400000, 0x0000000085400000| Untracked 
|  17|0x0000000085500000, 0x0000000085500000, 0x0000000085600000|  0%| F|  |TAMS 0x0000000085500000, 0x0000000085500000| Untracked 
|  18|0x0000000085600000, 0x0000000085600000, 0x0000000085700000|  0%| F|  |TAMS 0x0000000085600000, 0x0000000085600000| Untracked 
|  19|0x0000000085700000, 0x0000000085700000, 0x0000000085800000|  0%| F|  |TAMS 0x0000000085700000, 0x0000000085700000| Untracked 
|  20|0x0000000085800000, 0x0000000085800000, 0x0000000085900000|  0%| F|  |TAMS 0x0000000085800000, 0x0000000085800000| Untracked 
|  21|0x0000000085900000, 0x0000000085900000, 0x0000000085a00000|  0%| F|  |TAMS 0x0000000085900000, 0x0000000085900000| Untracked 
|  22|0x0000000085a00000, 0x0000000085a00000, 0x0000000085b00000|  0%| F|  |TAMS 0x0000000085a00000, 0x0000000085a00000| Untracked 
|  23|0x0000000085b00000, 0x0000000085b00000, 0x0000000085c00000|  0%| F|  |TAMS 0x0000000085b00000, 0x0000000085b00000| Untracked 
|  24|0x0000000085c00000, 0x0000000085c00000, 0x0000000085d00000|  0%| F|  |TAMS 0x0000000085c00000, 0x0000000085c00000| Untracked 
|  25|0x0000000085d00000, 0x0000000085d00000, 0x0000000085e00000|  0%| F|  |TAMS 0x0000000085d00000, 0x0000000085d00000| Untracked 
|  26|0x0000000085e00000, 0x0000000085e00000, 0x0000000085f00000|  0%| F|  |TAMS 0x0000000085e00000, 0x0000000085e00000| Untracked 
|  27|0x0000000085f00000, 0x0000000085f00000, 0x0000000086000000|  0%| F|  |TAMS 0x0000000085f00000, 0x0000000085f00000| Untracked 
|  28|0x0000000086000000, 0x0000000086000000, 0x0000000086100000|  0%| F|  |TAMS 0x0000000086000000, 0x0000000086000000| Untracked 
|  29|0x0000000086100000, 0x0000000086100000, 0x0000000086200000|  0%| F|  |TAMS 0x0000000086100000, 0x0000000086100000| Untracked 
|  30|0x0000000086200000, 0x0000000086200000, 0x0000000086300000|  0%| F|  |TAMS 0x0000000086200000, 0x0000000086200000| Untracked 
|  31|0x0000000086300000, 0x0000000086300000, 0x0000000086400000|  0%| F|  |TAMS 0x0000000086300000, 0x0000000086300000| Untracked 
|  32|0x0000000086400000, 0x0000000086400000, 0x0000000086500000|  0%| F|  |TAMS 0x0000000086400000, 0x0000000086400000| Untracked 
|  33|0x0000000086500000, 0x0000000086500000, 0x0000000086600000|  0%| F|  |TAMS 0x0000000086500000, 0x0000000086500000| Untracked 
|  34|0x0000000086600000, 0x0000000086600000, 0x0000000086700000|  0%| F|  |TAMS 0x0000000086600000, 0x0000000086600000| Untracked 
|  35|0x0000000086700000, 0x0000000086700000, 0x0000000086800000|  0%| F|  |TAMS 0x0000000086700000, 0x0000000086700000| Untracked 
|  36|0x0000000086800000, 0x0000000086800000, 0x0000000086900000|  0%| F|  |TAMS 0x0000000086800000, 0x0000000086800000| Untracked 
|  37|0x0000000086900000, 0x0000000086900000, 0x0000000086a00000|  0%| F|  |TAMS 0x0000000086900000, 0x0000000086900000| Untracked 
|  38|0x0000000086a00000, 0x0000000086a00000, 0x0000000086b00000|  0%| F|  |TAMS 0x0000000086a00000, 0x0000000086a00000| Untracked 
|  39|0x0000000086b00000, 0x0000000086b00000, 0x0000000086c00000|  0%| F|  |TAMS 0x0000000086b00000, 0x0000000086b00000| Untracked 
|  40|0x0000000086c00000, 0x0000000086c00000, 0x0000000086d00000|  0%| F|  |TAMS 0x0000000086c00000, 0x0000000086c00000| Untracked 
|  41|0x0000000086d00000, 0x0000000086d00000, 0x0000000086e00000|  0%| F|  |TAMS 0x0000000086d00000, 0x0000000086d00000| Untracked 
|  42|0x0000000086e00000, 0x0000000086e00000, 0x0000000086f00000|  0%| F|  |TAMS 0x0000000086e00000, 0x0000000086e00000| Untracked 
|  43|0x0000000086f00000, 0x0000000086f00000, 0x0000000087000000|  0%| F|  |TAMS 0x0000000086f00000, 0x0000000086f00000| Untracked 
|  44|0x0000000087000000, 0x0000000087000000, 0x0000000087100000|  0%| F|  |TAMS 0x0000000087000000, 0x0000000087000000| Untracked 
|  45|0x0000000087100000, 0x0000000087100000, 0x0000000087200000|  0%| F|  |TAMS 0x0000000087100000, 0x0000000087100000| Untracked 
|  46|0x0000000087200000, 0x0000000087200000, 0x0000000087300000|  0%| F|  |TAMS 0x0000000087200000, 0x0000000087200000| Untracked 
|  47|0x0000000087300000, 0x0000000087300000, 0x0000000087400000|  0%| F|  |TAMS 0x0000000087300000, 0x0000000087300000| Untracked 
|  48|0x0000000087400000, 0x0000000087400000, 0x0000000087500000|  0%| F|  |TAMS 0x0000000087400000, 0x0000000087400000| Untracked 
|  49|0x0000000087500000, 0x0000000087500000, 0x0000000087600000|  0%| F|  |TAMS 0x0000000087500000, 0x0000000087500000| Untracked 
|  50|0x0000000087600000, 0x0000000087600000, 0x0000000087700000|  0%| F|  |TAMS 0x0000000087600000, 0x0000000087600000| Untracked 
|  51|0x0000000087700000, 0x0000000087700000, 0x0000000087800000|  0%| F|  |TAMS 0x0000000087700000, 0x0000000087700000| Untracked 
|  52|0x0000000087800000, 0x0000000087800000, 0x0000000087900000|  0%| F|  |TAMS 0x0000000087800000, 0x0000000087800000| Untracked 
|  53|0x0000000087900000, 0x0000000087900000, 0x0000000087a00000|  0%| F|  |TAMS 0x0000000087900000, 0x0000000087900000| Untracked 
|  54|0x0000000087a00000, 0x0000000087a74a98, 0x0000000087b00000| 45%| S|CS|TAMS 0x0000000087a00000, 0x0000000087a00000| Complete 
|  55|0x0000000087b00000, 0x0000000087c00000, 0x0000000087c00000|100%| S|CS|TAMS 0x0000000087b00000, 0x0000000087b00000| Complete 
|  56|0x0000000087c00000, 0x0000000087d00000, 0x0000000087d00000|100%| S|CS|TAMS 0x0000000087c00000, 0x0000000087c00000| Complete 
|  57|0x0000000087d00000, 0x0000000087e00000, 0x0000000087e00000|100%| S|CS|TAMS 0x0000000087d00000, 0x0000000087d00000| Complete 
|  58|0x0000000087e00000, 0x0000000087f00000, 0x0000000087f00000|100%| S|CS|TAMS 0x0000000087e00000, 0x0000000087e00000| Complete 
|  59|0x0000000087f00000, 0x0000000088000000, 0x0000000088000000|100%| S|CS|TAMS 0x0000000087f00000, 0x0000000087f00000| Complete 
|  60|0x0000000088000000, 0x0000000088100000, 0x0000000088100000|100%| S|CS|TAMS 0x0000000088000000, 0x0000000088000000| Complete 
|  61|0x0000000088100000, 0x0000000088100000, 0x0000000088200000|  0%| F|  |TAMS 0x0000000088100000, 0x0000000088100000| Untracked 
|  62|0x0000000088200000, 0x0000000088200000, 0x0000000088300000|  0%| F|  |TAMS 0x0000000088200000, 0x0000000088200000| Untracked 
|  63|0x0000000088300000, 0x0000000088300000, 0x0000000088400000|  0%| F|  |TAMS 0x0000000088300000, 0x0000000088300000| Untracked 
|  64|0x0000000088400000, 0x0000000088400000, 0x0000000088500000|  0%| F|  |TAMS 0x0000000088400000, 0x0000000088400000| Untracked 
|  65|0x0000000088500000, 0x0000000088500000, 0x0000000088600000|  0%| F|  |TAMS 0x0000000088500000, 0x0000000088500000| Untracked 
|  66|0x0000000088600000, 0x0000000088600000, 0x0000000088700000|  0%| F|  |TAMS 0x0000000088600000, 0x0000000088600000| Untracked 
|  67|0x0000000088700000, 0x0000000088700000, 0x0000000088800000|  0%| F|  |TAMS 0x0000000088700000, 0x0000000088700000| Untracked 
|  68|0x0000000088800000, 0x0000000088800000, 0x0000000088900000|  0%| F|  |TAMS 0x0000000088800000, 0x0000000088800000| Untracked 
|  69|0x0000000088900000, 0x0000000088900000, 0x0000000088a00000|  0%| F|  |TAMS 0x0000000088900000, 0x0000000088900000| Untracked 
|  70|0x0000000088a00000, 0x0000000088a00000, 0x0000000088b00000|  0%| F|  |TAMS 0x0000000088a00000, 0x0000000088a00000| Untracked 
|  71|0x0000000088b00000, 0x0000000088b00000, 0x0000000088c00000|  0%| F|  |TAMS 0x0000000088b00000, 0x0000000088b00000| Untracked 
|  72|0x0000000088c00000, 0x0000000088c00000, 0x0000000088d00000|  0%| F|  |TAMS 0x0000000088c00000, 0x0000000088c00000| Untracked 
|  73|0x0000000088d00000, 0x0000000088d00000, 0x0000000088e00000|  0%| F|  |TAMS 0x0000000088d00000, 0x0000000088d00000| Untracked 
|  74|0x0000000088e00000, 0x0000000088e00000, 0x0000000088f00000|  0%| F|  |TAMS 0x0000000088e00000, 0x0000000088e00000| Untracked 
|  75|0x0000000088f00000, 0x0000000088f00000, 0x0000000089000000|  0%| F|  |TAMS 0x0000000088f00000, 0x0000000088f00000| Untracked 
|  76|0x0000000089000000, 0x0000000089000000, 0x0000000089100000|  0%| F|  |TAMS 0x0000000089000000, 0x0000000089000000| Untracked 
|  77|0x0000000089100000, 0x0000000089100000, 0x0000000089200000|  0%| F|  |TAMS 0x0000000089100000, 0x0000000089100000| Untracked 
|  78|0x0000000089200000, 0x0000000089200000, 0x0000000089300000|  0%| F|  |TAMS 0x0000000089200000, 0x0000000089200000| Untracked 
|  79|0x0000000089300000, 0x0000000089300000, 0x0000000089400000|  0%| F|  |TAMS 0x0000000089300000, 0x0000000089300000| Untracked 
|  80|0x0000000089400000, 0x0000000089400000, 0x0000000089500000|  0%| F|  |TAMS 0x0000000089400000, 0x0000000089400000| Untracked 
|  81|0x0000000089500000, 0x0000000089500000, 0x0000000089600000|  0%| F|  |TAMS 0x0000000089500000, 0x0000000089500000| Untracked 
|  82|0x0000000089600000, 0x0000000089600000, 0x0000000089700000|  0%| F|  |TAMS 0x0000000089600000, 0x0000000089600000| Untracked 
|  83|0x0000000089700000, 0x0000000089700000, 0x0000000089800000|  0%| F|  |TAMS 0x0000000089700000, 0x0000000089700000| Untracked 
|  84|0x0000000089800000, 0x0000000089800000, 0x0000000089900000|  0%| F|  |TAMS 0x0000000089800000, 0x0000000089800000| Untracked 
|  85|0x0000000089900000, 0x0000000089900000, 0x0000000089a00000|  0%| F|  |TAMS 0x0000000089900000, 0x0000000089900000| Untracked 
|  86|0x0000000089a00000, 0x0000000089a00000, 0x0000000089b00000|  0%| F|  |TAMS 0x0000000089a00000, 0x0000000089a00000| Untracked 
|  87|0x0000000089b00000, 0x0000000089b00000, 0x0000000089c00000|  0%| F|  |TAMS 0x0000000089b00000, 0x0000000089b00000| Untracked 
|  88|0x0000000089c00000, 0x0000000089c00000, 0x0000000089d00000|  0%| F|  |TAMS 0x0000000089c00000, 0x0000000089c00000| Untracked 
|  89|0x0000000089d00000, 0x0000000089d00000, 0x0000000089e00000|  0%| F|  |TAMS 0x0000000089d00000, 0x0000000089d00000| Untracked 
|  90|0x0000000089e00000, 0x0000000089e00000, 0x0000000089f00000|  0%| F|  |TAMS 0x0000000089e00000, 0x0000000089e00000| Untracked 
|  91|0x0000000089f00000, 0x0000000089f00000, 0x000000008a000000|  0%| F|  |TAMS 0x0000000089f00000, 0x0000000089f00000| Untracked 
|  92|0x000000008a000000, 0x000000008a000000, 0x000000008a100000|  0%| F|  |TAMS 0x000000008a000000, 0x000000008a000000| Untracked 
|  93|0x000000008a100000, 0x000000008a100000, 0x000000008a200000|  0%| F|  |TAMS 0x000000008a100000, 0x000000008a100000| Untracked 
|  94|0x000000008a200000, 0x000000008a200000, 0x000000008a300000|  0%| F|  |TAMS 0x000000008a200000, 0x000000008a200000| Untracked 
|  95|0x000000008a300000, 0x000000008a300000, 0x000000008a400000|  0%| F|  |TAMS 0x000000008a300000, 0x000000008a300000| Untracked 
|  96|0x000000008a400000, 0x000000008a400000, 0x000000008a500000|  0%| F|  |TAMS 0x000000008a400000, 0x000000008a400000| Untracked 
|  97|0x000000008a500000, 0x000000008a500000, 0x000000008a600000|  0%| F|  |TAMS 0x000000008a500000, 0x000000008a500000| Untracked 
|  98|0x000000008a600000, 0x000000008a600000, 0x000000008a700000|  0%| F|  |TAMS 0x000000008a600000, 0x000000008a600000| Untracked 
|  99|0x000000008a700000, 0x000000008a700000, 0x000000008a800000|  0%| F|  |TAMS 0x000000008a700000, 0x000000008a700000| Untracked 
| 100|0x000000008a800000, 0x000000008a800000, 0x000000008a900000|  0%| F|  |TAMS 0x000000008a800000, 0x000000008a800000| Untracked 
| 101|0x000000008a900000, 0x000000008a900000, 0x000000008aa00000|  0%| F|  |TAMS 0x000000008a900000, 0x000000008a900000| Untracked 
| 102|0x000000008aa00000, 0x000000008aa00000, 0x000000008ab00000|  0%| F|  |TAMS 0x000000008aa00000, 0x000000008aa00000| Untracked 
| 103|0x000000008ab00000, 0x000000008ab00000, 0x000000008ac00000|  0%| F|  |TAMS 0x000000008ab00000, 0x000000008ab00000| Untracked 
| 104|0x000000008ac00000, 0x000000008ac00000, 0x000000008ad00000|  0%| F|  |TAMS 0x000000008ac00000, 0x000000008ac00000| Untracked 
| 105|0x000000008ad00000, 0x000000008ad00000, 0x000000008ae00000|  0%| F|  |TAMS 0x000000008ad00000, 0x000000008ad00000| Untracked 
| 106|0x000000008ae00000, 0x000000008ae00000, 0x000000008af00000|  0%| F|  |TAMS 0x000000008ae00000, 0x000000008ae00000| Untracked 
| 107|0x000000008af00000, 0x000000008af00000, 0x000000008b000000|  0%| F|  |TAMS 0x000000008af00000, 0x000000008af00000| Untracked 
| 108|0x000000008b000000, 0x000000008b000000, 0x000000008b100000|  0%| F|  |TAMS 0x000000008b000000, 0x000000008b000000| Untracked 
| 109|0x000000008b100000, 0x000000008b100000, 0x000000008b200000|  0%| F|  |TAMS 0x000000008b100000, 0x000000008b100000| Untracked 
| 110|0x000000008b200000, 0x000000008b200000, 0x000000008b300000|  0%| F|  |TAMS 0x000000008b200000, 0x000000008b200000| Untracked 
| 111|0x000000008b300000, 0x000000008b300000, 0x000000008b400000|  0%| F|  |TAMS 0x000000008b300000, 0x000000008b300000| Untracked 
| 112|0x000000008b400000, 0x000000008b400000, 0x000000008b500000|  0%| F|  |TAMS 0x000000008b400000, 0x000000008b400000| Untracked 
| 113|0x000000008b500000, 0x000000008b500000, 0x000000008b600000|  0%| F|  |TAMS 0x000000008b500000, 0x000000008b500000| Untracked 
| 114|0x000000008b600000, 0x000000008b600000, 0x000000008b700000|  0%| F|  |TAMS 0x000000008b600000, 0x000000008b600000| Untracked 
| 115|0x000000008b700000, 0x000000008b700000, 0x000000008b800000|  0%| F|  |TAMS 0x000000008b700000, 0x000000008b700000| Untracked 
| 116|0x000000008b800000, 0x000000008b800000, 0x000000008b900000|  0%| F|  |TAMS 0x000000008b800000, 0x000000008b800000| Untracked 
| 117|0x000000008b900000, 0x000000008b900000, 0x000000008ba00000|  0%| F|  |TAMS 0x000000008b900000, 0x000000008b900000| Untracked 
| 118|0x000000008ba00000, 0x000000008ba00000, 0x000000008bb00000|  0%| F|  |TAMS 0x000000008ba00000, 0x000000008ba00000| Untracked 
| 119|0x000000008bb00000, 0x000000008bb00000, 0x000000008bc00000|  0%| F|  |TAMS 0x000000008bb00000, 0x000000008bb00000| Untracked 
| 120|0x000000008bc00000, 0x000000008bc00000, 0x000000008bd00000|  0%| F|  |TAMS 0x000000008bc00000, 0x000000008bc00000| Untracked 
| 121|0x000000008bd00000, 0x000000008bd00000, 0x000000008be00000|  0%| F|  |TAMS 0x000000008bd00000, 0x000000008bd00000| Untracked 
| 122|0x000000008be00000, 0x000000008be00000, 0x000000008bf00000|  0%| F|  |TAMS 0x000000008be00000, 0x000000008be00000| Untracked 
| 123|0x000000008bf00000, 0x000000008bf00000, 0x000000008c000000|  0%| F|  |TAMS 0x000000008bf00000, 0x000000008bf00000| Untracked 

Card table byte_map: [0x0000022cc80d0000,0x0000022cc84b0000] _byte_map_base: 0x0000022cc7cae000

Marking Bits (Prev, Next): (CMBitMap*) 0x0000022caf476180, (CMBitMap*) 0x0000022caf476148
 Prev Bits: [0x0000022cca780000, 0x0000022ccc670000)
 Next Bits: [0x0000022cc8890000, 0x0000022cca780000)

Polling page: 0x0000022caf390000

Metaspace:

Usage:
  Non-class:     29.02 MB capacity,    28.49 MB ( 98%) used,   452.48 KB (  2%) free+waste,    93.38 KB ( <1%) overhead. 
      Class:      4.39 MB capacity,     4.09 MB ( 93%) used,   266.48 KB (  6%) free+waste,    49.31 KB (  1%) overhead. 
       Both:     33.42 MB capacity,    32.57 MB ( 97%) used,   718.97 KB (  2%) free+waste,   142.69 KB ( <1%) overhead. 

Virtual space:
  Non-class space:       30.00 MB reserved,      29.17 MB ( 97%) committed 
      Class space:        1.00 GB reserved,       4.50 MB ( <1%) committed 
             Both:        1.03 GB reserved,      33.67 MB (  3%) committed 

Chunk freelists:
   Non-Class:  3.25 KB
       Class:  1.50 KB
        Both:  4.75 KB

CodeHeap 'non-profiled nmethods': size=238336Kb used=5015Kb max_used=5015Kb free=233320Kb
 bounds [0x0000022cb89d0000, 0x0000022cb8ec0000, 0x0000022cc7290000]
CodeHeap 'non-nmethods': size=7424Kb used=1141Kb max_used=1141Kb free=6282Kb
 bounds [0x0000022cb8290000, 0x0000022cb8500000, 0x0000022cb89d0000]
 total_blobs=3740 nmethods=3288 adapters=378
 compilation: enabled
              stopped_count=0, restarted_count=0
 full_count=0

Compilation events (10 events):
Event: 2.643 Thread 0x0000022ccf9db000 3283       1       org.springframework.boot.autoconfigure.condition.ConditionOutcome::hashCode (19 bytes)
Event: 2.643 Thread 0x0000022ccf9db000 nmethod 3283 0x0000022cb8eb4a90 code [0x0000022cb8eb4c20, 0x0000022cb8eb4d28]
Event: 2.643 Thread 0x0000022ccf9db000 3284       1       org.springframework.boot.autoconfigure.condition.ConditionMessage::hashCode (8 bytes)
Event: 2.643 Thread 0x0000022ccf9db000 nmethod 3284 0x0000022cb8eb4d90 code [0x0000022cb8eb4f20, 0x0000022cb8eb4fe8]
Event: 2.643 Thread 0x0000022ccf9db000 3285       1       org.springframework.util.Assert::isTrue (17 bytes)
Event: 2.643 Thread 0x0000022ccf9db000 nmethod 3285 0x0000022cb8eb5090 code [0x0000022cb8eb5240, 0x0000022cb8eb53f8]
Event: 2.645 Thread 0x0000022ccf9db000 3286       1       org.springframework.core.annotation.MergedAnnotationSelectors$Nearest::isBestCandidate (15 bytes)
Event: 2.645 Thread 0x0000022ccf9db000 nmethod 3286 0x0000022cb8eb5510 code [0x0000022cb8eb56a0, 0x0000022cb8eb5788]
Event: 2.648 Thread 0x0000022ccf9db000 3288       1       org.springframework.core.MethodParameter::getNestingLevel (5 bytes)
Event: 2.648 Thread 0x0000022ccf9db000 nmethod 3288 0x0000022cb8eb5c10 code [0x0000022cb8eb5da0, 0x0000022cb8eb5e58]

GC Heap History (10 events):
Event: 0.877 GC heap after
{Heap after GC invocations=1 (full 0):
 garbage-first heap   total 126976K, used 9272K [0x0000000084400000, 0x0000000100000000)
  region size 1024K, 3 young (3072K), 3 survivors (3072K)
 Metaspace       used 13856K, capacity 14224K, committed 14464K, reserved 1062912K
  class space    used 1458K, capacity 1589K, committed 1664K, reserved 1048576K
}
Event: 1.168 GC heap before
{Heap before GC invocations=1 (full 0):
 garbage-first heap   total 126976K, used 39992K [0x0000000084400000, 0x0000000100000000)
  region size 1024K, 34 young (34816K), 3 survivors (3072K)
 Metaspace       used 19893K, capacity 20413K, committed 20480K, reserved 1067008K
  class space    used 2339K, capacity 2553K, committed 2560K, reserved 1048576K
}
Event: 1.173 GC heap after
{Heap after GC invocations=2 (full 0):
 garbage-first heap   total 126976K, used 11358K [0x0000000084400000, 0x0000000100000000)
  region size 1024K, 2 young (2048K), 2 survivors (2048K)
 Metaspace       used 19893K, capacity 20413K, committed 20480K, reserved 1067008K
  class space    used 2339K, capacity 2553K, committed 2560K, reserved 1048576K
}
Event: 1.207 GC heap before
{Heap before GC invocations=2 (full 0):
 garbage-first heap   total 126976K, used 16478K [0x0000000084400000, 0x0000000100000000)
  region size 1024K, 8 young (8192K), 2 survivors (2048K)
 Metaspace       used 20568K, capacity 21179K, committed 21296K, reserved 1069056K
  class space    used 2452K, capacity 2660K, committed 2688K, reserved 1048576K
}
Event: 1.210 GC heap after
{Heap after GC invocations=3 (full 0):
 garbage-first heap   total 126976K, used 11532K [0x0000000084400000, 0x0000000100000000)
  region size 1024K, 2 young (2048K), 2 survivors (2048K)
 Metaspace       used 20568K, capacity 21179K, committed 21296K, reserved 1069056K
  class space    used 2452K, capacity 2660K, committed 2688K, reserved 1048576K
}
Event: 1.479 GC heap before
{Heap before GC invocations=4 (full 0):
 garbage-first heap   total 126976K, used 53516K [0x0000000084400000, 0x0000000100000000)
  region size 1024K, 44 young (45056K), 2 survivors (2048K)
 Metaspace       used 25135K, capacity 25834K, committed 26160K, reserved 1073152K
  class space    used 3131K, capacity 3382K, committed 3456K, reserved 1048576K
}
Event: 1.482 GC heap after
{Heap after GC invocations=5 (full 0):
 garbage-first heap   total 126976K, used 12596K [0x0000000084400000, 0x0000000100000000)
  region size 1024K, 3 young (3072K), 3 survivors (3072K)
 Metaspace       used 25135K, capacity 25834K, committed 26160K, reserved 1073152K
  class space    used 3131K, capacity 3382K, committed 3456K, reserved 1048576K
}
Event: 2.101 GC heap before
{Heap before GC invocations=5 (full 0):
 garbage-first heap   total 126976K, used 64820K [0x0000000084400000, 0x0000000100000000)
  region size 1024K, 54 young (55296K), 3 survivors (3072K)
 Metaspace       used 29216K, capacity 29960K, committed 30000K, reserved 1075200K
  class space    used 3652K, capacity 3932K, committed 3968K, reserved 1048576K
}
Event: 2.106 GC heap after
{Heap after GC invocations=6 (full 0):
 garbage-first heap   total 126976K, used 15207K [0x0000000084400000, 0x0000000100000000)
  region size 1024K, 6 young (6144K), 6 survivors (6144K)
 Metaspace       used 29216K, capacity 29960K, committed 30000K, reserved 1075200K
  class space    used 3652K, capacity 3932K, committed 3968K, reserved 1048576K
}
Event: 2.648 GC heap before
{Heap before GC invocations=6 (full 0):
 garbage-first heap   total 126976K, used 73575K [0x0000000084400000, 0x0000000100000000)
  region size 1024K, 63 young (64512K), 6 survivors (6144K)
 Metaspace       used 33356K, capacity 34218K, committed 34480K, reserved 1079296K
  class space    used 4184K, capacity 4500K, committed 4608K, reserved 1048576K
}

Deoptimization events (0 events):
No events

Classes redefined (0 events):
No events

Internal exceptions (10 events):
Event: 1.478 Thread 0x0000022cd1098000 Exception <a 'java/lang/reflect/InvocationTargetException'{0x00000000894a1880}> (0x00000000894a1880) thrown at [./open/src/hotspot/share/runtime/reflection.cpp, line 1244]
Event: 1.647 Thread 0x0000022cd1122000 Exception <a 'java/lang/NoSuchMethodError'{0x000000008a849d60}: 'long java.lang.invoke.DirectMethodHandle$Holder.invokeStatic(java.lang.Object, java.lang.Object)'> (0x000000008a849d60) thrown at [./open/src/hotspot/share/interpreter/linkResolver.cpp, line
Event: 1.647 Thread 0x0000022cd1122000 Exception <a 'java/lang/NoSuchMethodError'{0x000000008a84ccf8}: 'long java.lang.invoke.DirectMethodHandle$Holder.invokeStaticInit(java.lang.Object, java.lang.Object)'> (0x000000008a84ccf8) thrown at [./open/src/hotspot/share/interpreter/linkResolver.cpp, 
Event: 1.648 Thread 0x0000022cd1122000 Exception <a 'java/lang/NoSuchMethodError'{0x000000008a8591b8}: 'long java.lang.invoke.DirectMethodHandle$Holder.invokeInterface(java.lang.Object, java.lang.Object)'> (0x000000008a8591b8) thrown at [./open/src/hotspot/share/interpreter/linkResolver.cpp, l
Event: 1.648 Thread 0x0000022cd1122000 Exception <a 'java/lang/IncompatibleClassChangeError'{0x000000008a85bf50}: Found class java.lang.Object, but interface was expected> (0x000000008a85bf50) thrown at [./open/src/hotspot/share/interpreter/linkResolver.cpp, line 839]
Event: 1.660 Thread 0x0000022cd1122000 Exception <a 'java/lang/NoSuchMethodError'{0x000000008a73c208}: 'java.lang.Object java.lang.invoke.DirectMethodHandle$Holder.invokeVirtual(java.lang.Object, java.lang.Object, java.lang.Object, java.lang.Object)'> (0x000000008a73c208) thrown at [./open/src
Event: 2.035 Thread 0x0000022cd1098000 Exception <a 'java/lang/reflect/InvocationTargetException'{0x000000008bff27d0}> (0x000000008bff27d0) thrown at [./open/src/hotspot/share/runtime/reflection.cpp, line 1244]
Event: 2.079 Thread 0x0000022caf439800 Exception <a 'java/lang/IncompatibleClassChangeError'{0x0000000088ccd6b0}: Found class java.lang.Object, but interface was expected> (0x0000000088ccd6b0) thrown at [./open/src/hotspot/share/interpreter/linkResolver.cpp, line 839]
Event: 2.483 Thread 0x0000022caf439800 Exception <a 'java/lang/NoSuchMethodError'{0x0000000089977d78}: 'java.lang.Object java.lang.invoke.DirectMethodHandle$Holder.invokeStatic(java.lang.Object, java.lang.Object, java.lang.Object, java.lang.Object, int)'> (0x0000000089977d78) thrown at [./open
Event: 2.587 Thread 0x0000022cd1098000 Exception <a 'java/lang/reflect/InvocationTargetException'{0x0000000088c01e18}> (0x0000000088c01e18) thrown at [./open/src/hotspot/share/runtime/reflection.cpp, line 1244]

Events (10 events):
Event: 2.645 loading class org/webjars$WebJarAssetLocator done
Event: 2.646 loading class org/springframework/boot/autoconfigure/thymeleaf/ThymeleafAutoConfiguration$ThymeleafWebMvcConfiguration$ThymeleafViewResolverConfiguration
Event: 2.646 loading class org/springframework/boot/autoconfigure/thymeleaf/ThymeleafAutoConfiguration$ThymeleafWebMvcConfiguration$ThymeleafViewResolverConfiguration done
Event: 2.647 loading class org/springframework/boot/autoconfigure/thymeleaf/ThymeleafProperties
Event: 2.647 loading class org/springframework/boot/autoconfigure/thymeleaf/ThymeleafProperties done
Event: 2.647 loading class org/thymeleaf/spring5/view/ThymeleafViewResolver
Event: 2.647 loading class org/thymeleaf/spring5/view/ThymeleafViewResolver done
Event: 2.648 loading class org/springframework/boot/autoconfigure/thymeleaf/ThymeleafAutoConfiguration$ThymeleafWebMvcConfiguration
Event: 2.648 loading class org/springframework/boot/autoconfigure/thymeleaf/ThymeleafAutoConfiguration$ThymeleafWebMvcConfiguration done
Event: 2.648 Executing VM operation: G1CollectForAllocation


Dynamic libraries:
0x00007ff7ad1d0000 - 0x00007ff7ad1e0000 	C:\Program Files\Java\jdk-11\bin\javaw.exe
0x00007ffa5df40000 - 0x00007ffa5e1a7000 	C:\WINDOWS\SYSTEM32\ntdll.dll
0x00007ffa5de30000 - 0x00007ffa5def9000 	C:\WINDOWS\System32\KERNEL32.DLL
0x00007ffa5b8c0000 - 0x00007ffa5bcb7000 	C:\WINDOWS\System32\KERNELBASE.dll
0x00007ffa5b640000 - 0x00007ffa5b78b000 	C:\WINDOWS\System32\ucrtbase.dll
0x00007ffa38150000 - 0x00007ffa3816b000 	C:\Program Files\Java\jdk-11\bin\VCRUNTIME140.dll
0x00007ffa3aaf0000 - 0x00007ffa3ab09000 	C:\Program Files\Java\jdk-11\bin\jli.dll
0x00007ffa5c450000 - 0x00007ffa5c506000 	C:\WINDOWS\System32\ADVAPI32.dll
0x00007ffa5cb80000 - 0x00007ffa5cc29000 	C:\WINDOWS\System32\msvcrt.dll
0x00007ffa5d380000 - 0x00007ffa5d427000 	C:\WINDOWS\System32\sechost.dll
0x00007ffa5d000000 - 0x00007ffa5d118000 	C:\WINDOWS\System32\RPCRT4.dll
0x00007ffa5da20000 - 0x00007ffa5dbe6000 	C:\WINDOWS\System32\USER32.dll
0x00007ffa5b4b0000 - 0x00007ffa5b4d7000 	C:\WINDOWS\System32\win32u.dll
0x00007ffa3c630000 - 0x00007ffa3c8c2000 	C:\WINDOWS\WinSxS\amd64_microsoft.windows.common-controls_6595b64144ccf1df_6.0.26100.8457_none_3e0b2faee331e92d\COMCTL32.dll
0x00007ffa5cfd0000 - 0x00007ffa5cffb000 	C:\WINDOWS\System32\GDI32.dll
0x00007ffa5b790000 - 0x00007ffa5b8bc000 	C:\WINDOWS\System32\gdi32full.dll
0x00007ffa5b590000 - 0x00007ffa5b633000 	C:\WINDOWS\System32\msvcp_win.dll
0x00007ffa48f60000 - 0x00007ffa48f6b000 	C:\WINDOWS\SYSTEM32\VERSION.dll
0x00007ffa5c5b0000 - 0x00007ffa5c5e2000 	C:\WINDOWS\System32\IMM32.DLL
0x00007ffa47750000 - 0x00007ffa4775c000 	C:\Program Files\Java\jdk-11\bin\vcruntime140_1.dll
0x00007ff9c8b00000 - 0x00007ff9c8b8e000 	C:\Program Files\Java\jdk-11\bin\msvcp140.dll
0x00007ff973c70000 - 0x00007ff9747d3000 	C:\Program Files\Java\jdk-11\bin\server\jvm.dll
0x00007ffa5c440000 - 0x00007ffa5c448000 	C:\WINDOWS\System32\PSAPI.DLL
0x00007ffa54d60000 - 0x00007ffa54d96000 	C:\WINDOWS\SYSTEM32\WINMM.dll
0x00007ffa2cad0000 - 0x00007ffa2cada000 	C:\WINDOWS\SYSTEM32\WSOCK32.dll
0x00007ffa5cdd0000 - 0x00007ffa5ce50000 	C:\WINDOWS\System32\WS2_32.dll
0x00007ffa596c0000 - 0x00007ffa596db000 	C:\WINDOWS\SYSTEM32\kernel.appcore.dll
0x00007ffa47190000 - 0x00007ffa471a0000 	C:\Program Files\Java\jdk-11\bin\verify.dll
0x00007ffa57420000 - 0x00007ffa57662000 	C:\WINDOWS\SYSTEM32\DBGHELP.DLL
0x00007ffa5c7f0000 - 0x00007ffa5cb73000 	C:\WINDOWS\System32\combase.dll
0x00007ffa5ce60000 - 0x00007ffa5cf39000 	C:\WINDOWS\System32\OLEAUT32.dll
0x00007ffa57170000 - 0x00007ffa571ab000 	C:\WINDOWS\SYSTEM32\dbgcore.DLL
0x00007ffa5b4e0000 - 0x00007ffa5b588000 	C:\WINDOWS\System32\bcryptPrimitives.dll
0x00007ffa380e0000 - 0x00007ffa38108000 	C:\Program Files\Java\jdk-11\bin\java.dll
0x00007ffa380d0000 - 0x00007ffa380da000 	C:\Program Files\Java\jdk-11\bin\jimage.dll
0x00007ffa37fd0000 - 0x00007ffa37fe7000 	C:\Program Files\Java\jdk-11\bin\zip.dll
0x00007ffa5bcc0000 - 0x00007ffa5c42e000 	C:\WINDOWS\System32\SHELL32.dll
0x00007ffa5aac0000 - 0x00007ffa5b32c000 	C:\WINDOWS\System32\windows.storage.dll
0x00007ffa5c6f0000 - 0x00007ffa5c7e6000 	C:\WINDOWS\System32\SHCORE.dll
0x00007ffa5c540000 - 0x00007ffa5c5a6000 	C:\WINDOWS\System32\shlwapi.dll
0x00007ffa5a890000 - 0x00007ffa5a8b9000 	C:\WINDOWS\SYSTEM32\profapi.dll
0x00007ffa37fb0000 - 0x00007ffa37fc9000 	C:\Program Files\Java\jdk-11\bin\net.dll
0x00007ffa4bbd0000 - 0x00007ffa4bcf9000 	C:\WINDOWS\SYSTEM32\WINHTTP.dll
0x00007ffa59c10000 - 0x00007ffa59c7c000 	C:\WINDOWS\system32\mswsock.dll
0x00007ffa37d90000 - 0x00007ffa37da2000 	C:\Program Files\Java\jdk-11\bin\nio.dll
0x00007ffa37d50000 - 0x00007ffa37d59000 	C:\Program Files\Java\jdk-11\bin\management.dll
0x00007ffa37d40000 - 0x00007ffa37d4b000 	C:\Program Files\Java\jdk-11\bin\management_ext.dll
0x00007ffa475d0000 - 0x00007ffa475e8000 	C:\WINDOWS\system32\napinsp.dll
0x00007ffa58f20000 - 0x00007ffa59052000 	C:\WINDOWS\SYSTEM32\DNSAPI.dll
0x00007ffa58e90000 - 0x00007ffa58ec2000 	C:\WINDOWS\SYSTEM32\IPHLPAPI.DLL
0x00007ffa5c5f0000 - 0x00007ffa5c5fa000 	C:\WINDOWS\System32\NSI.dll
0x00007ffa475f0000 - 0x00007ffa47603000 	C:\WINDOWS\System32\winrnr.dll
0x00007ffa47610000 - 0x00007ffa47632000 	C:\WINDOWS\system32\nlansp_c.dll
0x00007ffa487a0000 - 0x00007ffa487b6000 	C:\WINDOWS\system32\wshbth.dll
0x00007ffa4bab0000 - 0x00007ffa4babb000 	C:\Windows\System32\rasadhlp.dll
0x00007ffa51dc0000 - 0x00007ffa51e46000 	C:\WINDOWS\System32\fwpuclnt.dll
0x00007ffa5a010000 - 0x00007ffa5a02b000 	C:\WINDOWS\SYSTEM32\CRYPTSP.dll
0x00007ffa59620000 - 0x00007ffa59659000 	C:\WINDOWS\system32\rsaenh.dll
0x00007ffa59cc0000 - 0x00007ffa59cf3000 	C:\WINDOWS\SYSTEM32\USERENV.dll
0x00007ffa5a860000 - 0x00007ffa5a88a000 	C:\WINDOWS\SYSTEM32\bcrypt.dll
0x00007ffa59e70000 - 0x00007ffa59e7c000 	C:\WINDOWS\SYSTEM32\CRYPTBASE.dll
0x00007ffa56470000 - 0x00007ffa5648d000 	C:\WINDOWS\SYSTEM32\dhcpcsvc6.DLL
0x00007ffa56440000 - 0x00007ffa56465000 	C:\WINDOWS\SYSTEM32\dhcpcsvc.DLL

dbghelp: loaded successfully - version: 4.0.5 - missing functions: none
symbol engine: initialized successfully - sym options: 0x614 - pdb path: .;C:\Program Files\Java\jdk-11\bin;C:\WINDOWS\SYSTEM32;C:\WINDOWS\WinSxS\amd64_microsoft.windows.common-controls_6595b64144ccf1df_6.0.26100.8457_none_3e0b2faee331e92d;C:\Program Files\Java\jdk-11\bin\server

VM Arguments:
jvm_args: -Dcom.sun.management.jmxremote -Dcom.sun.management.jmxremote.port=62728 -Dcom.sun.management.jmxremote.authenticate=false -Dcom.sun.management.jmxremote.ssl=false -Djava.rmi.server.hostname=localhost -Dspring.jmx.enabled=true -Dmanagement.endpoints.jmx.exposure.include=* -Dspring.application.admin.enabled=true -Dspring.output.ansi.enabled=always -XX:TieredStopAtLevel=1 -Dspring.boot.project.name=sga -Dfile.encoding=UTF-8 -Dstdout.encoding=UTF-8 -Dstderr.encoding=UTF-8 
java_command: com.sga.SgaApplication
java_class_path (initial): E:\Users\roberto\Documents\Desenvolvimento\Web\sga\target\classes;C:\Users\Roberto\.m2\repository\org\springframework\boot\spring-boot-starter-web\2.7.18\spring-boot-starter-web-2.7.18.jar;C:\Users\Roberto\.m2\repository\org\springframework\boot\spring-boot-starter\2.7.18\spring-boot-starter-2.7.18.jar;C:\Users\Roberto\.m2\repository\org\springframework\boot\spring-boot\2.7.18\spring-boot-2.7.18.jar;C:\Users\Roberto\.m2\repository\org\springframework\boot\spring-boot-autoconfigure\2.7.18\spring-boot-autoconfigure-2.7.18.jar;C:\Users\Roberto\.m2\repository\org\springframework\boot\spring-boot-starter-logging\2.7.18\spring-boot-starter-logging-2.7.18.jar;C:\Users\Roberto\.m2\repository\ch\qos\logback\logback-classic\1.2.12\logback-classic-1.2.12.jar;C:\Users\Roberto\.m2\repository\ch\qos\logback\logback-core\1.2.12\logback-core-1.2.12.jar;C:\Users\Roberto\.m2\repository\org\apache\logging\log4j\log4j-to-slf4j\2.17.2\log4j-to-slf4j-2.17.2.jar;C:\Users\Roberto\.m2\repository\org\apache\logging\log4j\log4j-api\2.17.2\log4j-api-2.17.2.jar;C:\Users\Roberto\.m2\repository\org\slf4j\jul-to-slf4j\1.7.36\jul-to-slf4j-1.7.36.jar;C:\Users\Roberto\.m2\repository\jakarta\annotation\jakarta.annotation-api\1.3.5\jakarta.annotation-api-1.3.5.jar;C:\Users\Roberto\.m2\repository\org\yaml\snakeyaml\1.30\snakeyaml-1.30.jar;C:\Users\Roberto\.m2\repository\org\springframework\boot\spring-boot-starter-json\2.7.18\spring-boot-starter-json-2.7.18.jar;C:\Users\Roberto\.m2\repository\com\fasterxml\jackson\datatype\jackson-datatype-jdk8\2.13.5\jackson-datatype-jdk8-2.13.5.jar;C:\Users\Roberto\.m2\repository\com\fasterxml\jackson\datatype\jackson-datatype-jsr310\2.13.5\jackson-datatype-jsr310-2.13.5.jar;C:\Users\Roberto\.m2\repository\com\fasterxml\jackson\module\jackson-module-parameter-names\2.13.5\jackson-module-parameter-names-2.13.5.jar;C:\Users\Roberto\.m2\repository\org\springframework\boot\spring-boot-starter-tomcat\2.7.18\spring-boot-starter-tomcat-2.7.18.jar
Launcher Type: SUN_STANDARD

[Global flags]
     intx CICompilerCount                          = 4                                         {product} {ergonomic}
     uint ConcGCThreads                            = 2                                         {product} {ergonomic}
     uint G1ConcRefinementThreads                  = 8                                         {product} {ergonomic}
   size_t G1HeapRegionSize                         = 1048576                                   {product} {ergonomic}
    uintx GCDrainStackTargetSize                   = 64                                        {product} {ergonomic}
   size_t InitialHeapSize                          = 130023424                                 {product} {ergonomic}
     bool ManagementServer                         = true                                      {product} {command line}
   size_t MarkStackSize                            = 4194304                                   {product} {ergonomic}
   size_t MaxHeapSize                              = 2076180480                                {product} {ergonomic}
   size_t MaxNewSize                               = 1245708288                                {product} {ergonomic}
   size_t MinHeapDeltaBytes                        = 1048576                                   {product} {ergonomic}
    uintx NonNMethodCodeHeapSize                   = 7549744                                {pd product} {ergonomic}
    uintx NonProfiledCodeHeapSize                  = 244108496                              {pd product} {ergonomic}
    uintx ProfiledCodeHeapSize                     = 0                                      {pd product} {ergonomic}
    uintx ReservedCodeCacheSize                    = 251658240                              {pd product} {ergonomic}
     bool SegmentedCodeCache                       = true                                      {product} {ergonomic}
     intx TieredStopAtLevel                        = 1                                         {product} {command line}
     bool UseCompressedClassPointers               = true                                 {lp64_product} {ergonomic}
     bool UseCompressedOops                        = true                                 {lp64_product} {ergonomic}
     bool UseG1GC                                  = true                                      {product} {ergonomic}
     bool UseLargePagesIndividualAllocation        = false                                  {pd product} {ergonomic}

Logging:
Log output configuration:
 #0: stdout all=warning uptime,level,tags
 #1: stderr all=off uptime,level,tags

Environment Variables:
JAVA_HOME=C:\Program Files\Java\jdk-11
PATH=C:/Users/Roberto/.p2/pool/plugins/org.eclipse.justj.openjdk.hotspot.jre.full.win32.x86_64_22.0.2.v20240802-1626/jre/bin/server;C:/Users/Roberto/.p2/pool/plugins/org.eclipse.justj.openjdk.hotspot.jre.full.win32.x86_64_22.0.2.v20240802-1626/jre/bin;C:\totvs\CorporeRM\API;C:\Python314\Scripts\;C:\Python314\;C:\Program Files\Common Files\Oracle\Java\javapath;C:\Program Files (x86)\Common Files\Oracle\Java\java8path;C:\Program Files (x86)\Common Files\Oracle\Java\javapath;C:\Program Files\Microsoft MPI\Bin\;C:\Python311\Scripts\;C:\Python311\;C:\Program Files (x86)\Borland\Delphi7\Bin;C:\Program Files (x86)\Borland\Delphi7\Projects\Bpl\;C:\Program Files (x86)\Embarcadero\Studio\21.0\bin;C:\Users\Public\Documents\Embarcadero\Studio\21.0\Bpl;C:\Program Files (x86)\Embarcadero\Studio\21.0\bin64;C:\Users\Public\Documents\Embarcadero\Studio\21.0\Bpl\Win64;C:\WINDOWS\system32;C:\WINDOWS;C:\WINDOWS\System32\Wbem;C:\WINDOWS\System32\WindowsPowerShell\v1.0\;C:\WINDOWS\System32\OpenSSH\;C:\Program Files (x86)\Microsoft SQL Server\150\DTS\Binn\;C:\Program Files\Microsoft SQL Server\150\DTS\Binn\;C:\Program Files\Microsoft SQL Server\Client SDK\ODBC\170\Tools\Binn\;C:\Program Files\Java\jdk1.8.0_301\bin;C:\Program Files\TortoiseSVN\bin;C:\Program Files\Git\cmd;C:\Program Files\Google\Google Apps Sync\;C:\Program Files\Google\Google Apps Migration\;C:\Boss\;C:\Program Files\dotnet\;C:\ProgramData\chocolatey\bin;C:\Program Files\Microsoft SQL Server\140\DTS\Binn\;C:\Program Files\Microsoft SQL Server\160\DTS\Binn\;C:\Program Files (x86)\Microsoft SQL Server\160\Tools\Binn\;C:\Program Files\Microsoft SQL Server\160\Tools\Binn\;C:\Program Files\nodejs\;C:\totvs\CorporeRM\API;C:\Users\Roberto\AppData\Local\Programs\Python\Python310\Scripts\;C:\Users\Roberto\AppData\Local\Programs\Python\Python310\;C:\Users\Roberto\AppData\Local\Microsoft\WindowsApps;;C:\Users\Roberto\.boss\env\dcp;C:\Users\Roberto\.boss\env\dcu;C:\Users\Roberto\.boss\env\bpl;C:\Users\Roberto\.boss\modules\.bin;.\module
USERNAME=Roberto
OS=Windows_NT
PROCESSOR_IDENTIFIER=Intel64 Family 6 Model 140 Stepping 1, GenuineIntel



---------------  S Y S T E M  ---------------

OS: Windows 11 , 64 bit Build 26100 (10.0.26100.8328)
Hyper-V role detected

CPU:total 8 (initial active 8) (4 cores per cpu, 2 threads per core) family 6 model 140 stepping 1 microcode 0xbe, cmov, cx8, fxsr, mmx, sse, sse2, sse3, ssse3, sse4.1, sse4.2, popcnt, avx, avx2, aes, clmul, erms, 3dnowpref, lzcnt, ht, tsc, tscinvbit, bmi1, bmi2, adx, evex, sha, fma

Memory: 4k page, system-wide physical 7914M (474M free)
TotalPageFile size 32490M (AvailPageFile size 29M)
current process WorkingSet (physical memory assigned to process): 166M, peak: 166M
current process commit charge ("private bytes"): 250M, peak: 275M

vm_info: Java HotSpot(TM) 64-Bit Server VM (11.0.26+7-LTS-187) for windows-amd64 JRE (11.0.26+7-LTS-187), built on Dec  3 2024 11:06:37 by "mach5one" with MS VC++ 17.6 (VS2022)

END.
